{
  "/Users/deannalepke/Desktop/COMP7082/ReadingRoom/client/src/models/bookclub.ts": {
    "path": "/Users/deannalepke/Desktop/COMP7082/ReadingRoom/client/src/models/bookclub.ts",
    "statementMap": {
      "0": {
        "start": {
          "line": 2,
          "column": 4
        },
        "end": {
          "line": 11,
          "column": 5
        }
      },
      "1": {
        "start": {
          "line": 3,
          "column": 8
        },
        "end": {
          "line": 8,
          "column": 11
        }
      },
      "2": {
        "start": {
          "line": 10,
          "column": 8
        },
        "end": {
          "line": 10,
          "column": 25
        }
      },
      "3": {
        "start": {
          "line": 12,
          "column": 4
        },
        "end": {
          "line": 12,
          "column": 15
        }
      },
      "4": {
        "start": {
          "line": 16,
          "column": 8
        },
        "end": {
          "line": 16,
          "column": 45
        }
      },
      "5": {
        "start": {
          "line": 17,
          "column": 8
        },
        "end": {
          "line": 17,
          "column": 47
        }
      },
      "6": {
        "start": {
          "line": 18,
          "column": 8
        },
        "end": {
          "line": 18,
          "column": 54
        }
      },
      "7": {
        "start": {
          "line": 19,
          "column": 8
        },
        "end": {
          "line": 19,
          "column": 48
        }
      },
      "8": {
        "start": {
          "line": 20,
          "column": 8
        },
        "end": {
          "line": 20,
          "column": 51
        }
      },
      "9": {
        "start": {
          "line": 21,
          "column": 8
        },
        "end": {
          "line": 21,
          "column": 54
        }
      },
      "10": {
        "start": {
          "line": 22,
          "column": 8
        },
        "end": {
          "line": 22,
          "column": 54
        }
      },
      "11": {
        "start": {
          "line": 23,
          "column": 8
        },
        "end": {
          "line": 23,
          "column": 54
        }
      },
      "12": {
        "start": {
          "line": 24,
          "column": 8
        },
        "end": {
          "line": 24,
          "column": 54
        }
      },
      "13": {
        "start": {
          "line": 25,
          "column": 8
        },
        "end": {
          "line": 25,
          "column": 60
        }
      },
      "14": {
        "start": {
          "line": 26,
          "column": 8
        },
        "end": {
          "line": 26,
          "column": 52
        }
      },
      "15": {
        "start": {
          "line": 27,
          "column": 8
        },
        "end": {
          "line": 27,
          "column": 50
        }
      },
      "16": {
        "start": {
          "line": 28,
          "column": 8
        },
        "end": {
          "line": 28,
          "column": 49
        }
      },
      "17": {
        "start": {
          "line": 29,
          "column": 8
        },
        "end": {
          "line": 29,
          "column": 48
        }
      },
      "18": {
        "start": {
          "line": 30,
          "column": 8
        },
        "end": {
          "line": 30,
          "column": 50
        }
      },
      "19": {
        "start": {
          "line": 31,
          "column": 8
        },
        "end": {
          "line": 31,
          "column": 26
        }
      },
      "20": {
        "start": {
          "line": 32,
          "column": 8
        },
        "end": {
          "line": 32,
          "column": 30
        }
      },
      "21": {
        "start": {
          "line": 33,
          "column": 8
        },
        "end": {
          "line": 33,
          "column": 44
        }
      },
      "22": {
        "start": {
          "line": 34,
          "column": 8
        },
        "end": {
          "line": 34,
          "column": 32
        }
      },
      "23": {
        "start": {
          "line": 35,
          "column": 8
        },
        "end": {
          "line": 35,
          "column": 38
        }
      },
      "24": {
        "start": {
          "line": 36,
          "column": 8
        },
        "end": {
          "line": 36,
          "column": 44
        }
      },
      "25": {
        "start": {
          "line": 37,
          "column": 8
        },
        "end": {
          "line": 37,
          "column": 44
        }
      },
      "26": {
        "start": {
          "line": 38,
          "column": 8
        },
        "end": {
          "line": 38,
          "column": 44
        }
      },
      "27": {
        "start": {
          "line": 39,
          "column": 8
        },
        "end": {
          "line": 39,
          "column": 44
        }
      },
      "28": {
        "start": {
          "line": 40,
          "column": 8
        },
        "end": {
          "line": 40,
          "column": 56
        }
      },
      "29": {
        "start": {
          "line": 45,
          "column": 8
        },
        "end": {
          "line": 45,
          "column": 48
        }
      },
      "30": {
        "start": {
          "line": 46,
          "column": 8
        },
        "end": {
          "line": 46,
          "column": 43
        }
      },
      "31": {
        "start": {
          "line": 47,
          "column": 8
        },
        "end": {
          "line": 47,
          "column": 50
        }
      },
      "32": {
        "start": {
          "line": 48,
          "column": 8
        },
        "end": {
          "line": 48,
          "column": 44
        }
      },
      "33": {
        "start": {
          "line": 49,
          "column": 8
        },
        "end": {
          "line": 49,
          "column": 47
        }
      },
      "34": {
        "start": {
          "line": 50,
          "column": 8
        },
        "end": {
          "line": 50,
          "column": 50
        }
      },
      "35": {
        "start": {
          "line": 51,
          "column": 8
        },
        "end": {
          "line": 51,
          "column": 52
        }
      },
      "36": {
        "start": {
          "line": 52,
          "column": 8
        },
        "end": {
          "line": 52,
          "column": 50
        }
      },
      "37": {
        "start": {
          "line": 53,
          "column": 8
        },
        "end": {
          "line": 53,
          "column": 50
        }
      },
      "38": {
        "start": {
          "line": 54,
          "column": 8
        },
        "end": {
          "line": 54,
          "column": 56
        }
      },
      "39": {
        "start": {
          "line": 55,
          "column": 8
        },
        "end": {
          "line": 66,
          "column": 9
        }
      },
      "40": {
        "start": {
          "line": 56,
          "column": 12
        },
        "end": {
          "line": 56,
          "column": 34
        }
      },
      "41": {
        "start": {
          "line": 57,
          "column": 12
        },
        "end": {
          "line": 57,
          "column": 38
        }
      },
      "42": {
        "start": {
          "line": 58,
          "column": 12
        },
        "end": {
          "line": 58,
          "column": 52
        }
      },
      "43": {
        "start": {
          "line": 59,
          "column": 12
        },
        "end": {
          "line": 59,
          "column": 40
        }
      },
      "44": {
        "start": {
          "line": 60,
          "column": 12
        },
        "end": {
          "line": 60,
          "column": 46
        }
      },
      "45": {
        "start": {
          "line": 61,
          "column": 12
        },
        "end": {
          "line": 61,
          "column": 52
        }
      },
      "46": {
        "start": {
          "line": 62,
          "column": 12
        },
        "end": {
          "line": 62,
          "column": 52
        }
      },
      "47": {
        "start": {
          "line": 63,
          "column": 12
        },
        "end": {
          "line": 63,
          "column": 52
        }
      },
      "48": {
        "start": {
          "line": 64,
          "column": 12
        },
        "end": {
          "line": 64,
          "column": 52
        }
      },
      "49": {
        "start": {
          "line": 65,
          "column": 12
        },
        "end": {
          "line": 65,
          "column": 64
        }
      }
    },
    "fnMap": {
      "0": {
        "name": "_define_property",
        "decl": {
          "start": {
            "line": 1,
            "column": 9
          },
          "end": {
            "line": 1,
            "column": 25
          }
        },
        "loc": {
          "start": {
            "line": 1,
            "column": 43
          },
          "end": {
            "line": 13,
            "column": 1
          }
        },
        "line": 1
      },
      "1": {
        "name": "(anonymous_1)",
        "decl": {
          "start": {
            "line": 15,
            "column": 4
          },
          "end": {
            "line": 15,
            "column": 5
          }
        },
        "loc": {
          "start": {
            "line": 15,
            "column": 21
          },
          "end": {
            "line": 41,
            "column": 5
          }
        },
        "line": 15
      },
      "2": {
        "name": "(anonymous_2)",
        "decl": {
          "start": {
            "line": 44,
            "column": 4
          },
          "end": {
            "line": 44,
            "column": 5
          }
        },
        "loc": {
          "start": {
            "line": 44,
            "column": 25
          },
          "end": {
            "line": 67,
            "column": 5
          }
        },
        "line": 44
      }
    },
    "branchMap": {
      "0": {
        "loc": {
          "start": {
            "line": 2,
            "column": 4
          },
          "end": {
            "line": 11,
            "column": 5
          }
        },
        "type": "if",
        "locations": [
          {
            "start": {
              "line": 2,
              "column": 4
            },
            "end": {
              "line": 11,
              "column": 5
            }
          },
          {
            "start": {
              "line": 9,
              "column": 11
            },
            "end": {
              "line": 11,
              "column": 5
            }
          }
        ],
        "line": 2
      },
      "1": {
        "loc": {
          "start": {
            "line": 55,
            "column": 8
          },
          "end": {
            "line": 66,
            "column": 9
          }
        },
        "type": "if",
        "locations": [
          {
            "start": {
              "line": 55,
              "column": 8
            },
            "end": {
              "line": 66,
              "column": 9
            }
          },
          {
            "start": {},
            "end": {}
          }
        ],
        "line": 55
      }
    },
    "s": {
      "0": 0,
      "1": 0,
      "2": 0,
      "3": 0,
      "4": 0,
      "5": 0,
      "6": 0,
      "7": 0,
      "8": 0,
      "9": 0,
      "10": 0,
      "11": 0,
      "12": 0,
      "13": 0,
      "14": 0,
      "15": 0,
      "16": 0,
      "17": 0,
      "18": 0,
      "19": 0,
      "20": 0,
      "21": 0,
      "22": 0,
      "23": 0,
      "24": 0,
      "25": 0,
      "26": 0,
      "27": 0,
      "28": 0,
      "29": 0,
      "30": 0,
      "31": 0,
      "32": 0,
      "33": 0,
      "34": 0,
      "35": 0,
      "36": 0,
      "37": 0,
      "38": 0,
      "39": 0,
      "40": 0,
      "41": 0,
      "42": 0,
      "43": 0,
      "44": 0,
      "45": 0,
      "46": 0,
      "47": 0,
      "48": 0,
      "49": 0
    },
    "f": {
      "0": 0,
      "1": 0,
      "2": 0
    },
    "b": {
      "0": [
        0,
        0
      ],
      "1": [
        0,
        0
      ]
    },
    "inputSourceMap": {
      "version": 3,
      "sources": [
        "/Users/deannalepke/Desktop/COMP7082/ReadingRoom/client/src/models/bookclub.ts"
      ],
      "names": [
        "BookClub",
        "constructor",
        "init",
        "id",
        "name",
        "description",
        "image",
        "category",
        "readingPace",
        "nextMeeting",
        "meetingLink",
        "currentBook",
        "currentBookAuthor",
        "ownerUsername",
        "isMember",
        "isOwner",
        "owner",
        "members",
        "BookClubFormValues",
        "bookClub",
        "undefined"
      ],
      "mappings": ";;;;;;;;;;;;;AAoBA,OAAO,MAAMA;IACXC,YAAYC,IAAwB,CAAE;QAatCC,uBAAAA,MAAAA,KAAAA;QACAC,uBAAAA,QAAAA,KAAAA;QACAC,uBAAAA,eAAAA,KAAAA;QACAC,uBAAAA,SAAAA,KAAAA;QACAC,uBAAAA,YAAAA,KAAAA;QACAC,uBAAAA,eAAAA,KAAAA;QACAC,uBAAAA,eAAAA,KAAAA;QACAC,uBAAAA,eAAAA,KAAAA;QACAC,uBAAAA,eAAAA,KAAAA;QACAC,uBAAAA,qBAAAA,KAAAA;QACAC,uBAAAA,iBAAyB;QACzBC,uBAAAA,YAAoB;QACpBC,uBAAAA,WAAmB;QACnBC,uBAAAA,SAAAA,KAAAA;QACAC,uBAAAA,WAAAA,KAAAA;QA1BE,IAAI,CAACd,EAAE,GAAGD,KAAKC,EAAE;QACjB,IAAI,CAACC,IAAI,GAAGF,KAAKE,IAAI;QACrB,IAAI,CAACC,WAAW,GAAGH,KAAKG,WAAW;QACnC,IAAI,CAACC,KAAK,GAAGJ,KAAKI,KAAK;QACvB,IAAI,CAACC,QAAQ,GAAGL,KAAKK,QAAQ;QAC7B,IAAI,CAACC,WAAW,GAAGN,KAAKM,WAAW;QACnC,IAAI,CAACC,WAAW,GAAGP,KAAKO,WAAW;QACnC,IAAI,CAACC,WAAW,GAAGR,KAAKQ,WAAW;QACnC,IAAI,CAACC,WAAW,GAAGT,KAAKS,WAAW;QACnC,IAAI,CAACC,iBAAiB,GAAGV,KAAKU,iBAAiB;IACjD;AAiBF;AAEA,OAAO,MAAMM;IAYXjB,YAAYkB,QAA6B,CAAE;QAX3ChB,uBAAAA,MAAciB;QACdhB,uBAAAA,QAAe;QACfC,uBAAAA,eAAsB;QACtBC,uBAAAA,SAAiB;QACjBC,uBAAAA,YAAmB;QACnBC,uBAAAA,eAAsB;QACtBC,uBAAAA,eAA2B;QAC3BC,uBAAAA,eAAsB;QACtBC,uBAAAA,eAAsB;QACtBC,uBAAAA,qBAA4B;QAG1B,IAAIO,UAAU;YACZ,IAAI,CAAChB,EAAE,GAAGgB,SAAShB,EAAE;YACrB,IAAI,CAACC,IAAI,GAAGe,SAASf,IAAI;YACzB,IAAI,CAACC,WAAW,GAAGc,SAASd,WAAW;YACvC,IAAI,CAACC,KAAK,GAAGa,SAASb,KAAK;YAC3B,IAAI,CAACC,QAAQ,GAAGY,SAASZ,QAAQ;YACjC,IAAI,CAACC,WAAW,GAAGW,SAASX,WAAW;YACvC,IAAI,CAACC,WAAW,GAAGU,SAASV,WAAW;YACvC,IAAI,CAACC,WAAW,GAAGS,SAAST,WAAW;YACvC,IAAI,CAACC,WAAW,GAAGQ,SAASR,WAAW;YACvC,IAAI,CAACC,iBAAiB,GAAGO,SAASP,iBAAiB;QACrD;IACF;AACF"
    },
    "_coverageSchema": "1a1c01bbd47fc00a2c39e90264f33305004495a9",
    "hash": "414089f9fd4fe2f54878d38afabdc00ee146384f"
  },
  "/Users/deannalepke/Desktop/COMP7082/ReadingRoom/client/src/models/pagination.ts": {
    "path": "/Users/deannalepke/Desktop/COMP7082/ReadingRoom/client/src/models/pagination.ts",
    "statementMap": {
      "0": {
        "start": {
          "line": 2,
          "column": 4
        },
        "end": {
          "line": 11,
          "column": 5
        }
      },
      "1": {
        "start": {
          "line": 3,
          "column": 8
        },
        "end": {
          "line": 8,
          "column": 11
        }
      },
      "2": {
        "start": {
          "line": 10,
          "column": 8
        },
        "end": {
          "line": 10,
          "column": 25
        }
      },
      "3": {
        "start": {
          "line": 12,
          "column": 4
        },
        "end": {
          "line": 12,
          "column": 15
        }
      },
      "4": {
        "start": {
          "line": 16,
          "column": 8
        },
        "end": {
          "line": 16,
          "column": 47
        }
      },
      "5": {
        "start": {
          "line": 17,
          "column": 8
        },
        "end": {
          "line": 17,
          "column": 53
        }
      },
      "6": {
        "start": {
          "line": 18,
          "column": 8
        },
        "end": {
          "line": 18,
          "column": 25
        }
      },
      "7": {
        "start": {
          "line": 19,
          "column": 8
        },
        "end": {
          "line": 19,
          "column": 37
        }
      },
      "8": {
        "start": {
          "line": 24,
          "column": 8
        },
        "end": {
          "line": 24,
          "column": 53
        }
      },
      "9": {
        "start": {
          "line": 25,
          "column": 8
        },
        "end": {
          "line": 25,
          "column": 51
        }
      },
      "10": {
        "start": {
          "line": 26,
          "column": 8
        },
        "end": {
          "line": 26,
          "column": 37
        }
      },
      "11": {
        "start": {
          "line": 27,
          "column": 8
        },
        "end": {
          "line": 27,
          "column": 33
        }
      }
    },
    "fnMap": {
      "0": {
        "name": "_define_property",
        "decl": {
          "start": {
            "line": 1,
            "column": 9
          },
          "end": {
            "line": 1,
            "column": 25
          }
        },
        "loc": {
          "start": {
            "line": 1,
            "column": 43
          },
          "end": {
            "line": 13,
            "column": 1
          }
        },
        "line": 1
      },
      "1": {
        "name": "(anonymous_1)",
        "decl": {
          "start": {
            "line": 15,
            "column": 4
          },
          "end": {
            "line": 15,
            "column": 5
          }
        },
        "loc": {
          "start": {
            "line": 15,
            "column": 33
          },
          "end": {
            "line": 20,
            "column": 5
          }
        },
        "line": 15
      },
      "2": {
        "name": "(anonymous_2)",
        "decl": {
          "start": {
            "line": 23,
            "column": 4
          },
          "end": {
            "line": 23,
            "column": 5
          }
        },
        "loc": {
          "start": {
            "line": 23,
            "column": 45
          },
          "end": {
            "line": 28,
            "column": 5
          }
        },
        "line": 23
      }
    },
    "branchMap": {
      "0": {
        "loc": {
          "start": {
            "line": 2,
            "column": 4
          },
          "end": {
            "line": 11,
            "column": 5
          }
        },
        "type": "if",
        "locations": [
          {
            "start": {
              "line": 2,
              "column": 4
            },
            "end": {
              "line": 11,
              "column": 5
            }
          },
          {
            "start": {
              "line": 9,
              "column": 11
            },
            "end": {
              "line": 11,
              "column": 5
            }
          }
        ],
        "line": 2
      },
      "1": {
        "loc": {
          "start": {
            "line": 23,
            "column": 16
          },
          "end": {
            "line": 23,
            "column": 30
          }
        },
        "type": "default-arg",
        "locations": [
          {
            "start": {
              "line": 23,
              "column": 29
            },
            "end": {
              "line": 23,
              "column": 30
            }
          }
        ],
        "line": 23
      },
      "2": {
        "loc": {
          "start": {
            "line": 23,
            "column": 32
          },
          "end": {
            "line": 23,
            "column": 44
          }
        },
        "type": "default-arg",
        "locations": [
          {
            "start": {
              "line": 23,
              "column": 43
            },
            "end": {
              "line": 23,
              "column": 44
            }
          }
        ],
        "line": 23
      }
    },
    "s": {
      "0": 40,
      "1": 0,
      "2": 40,
      "3": 40,
      "4": 10,
      "5": 10,
      "6": 10,
      "7": 10,
      "8": 10,
      "9": 10,
      "10": 10,
      "11": 10
    },
    "f": {
      "0": 40,
      "1": 10,
      "2": 10
    },
    "b": {
      "0": [
        0,
        40
      ],
      "1": [
        10
      ],
      "2": [
        10
      ]
    },
    "inputSourceMap": {
      "version": 3,
      "sources": [
        "/Users/deannalepke/Desktop/COMP7082/ReadingRoom/client/src/models/pagination.ts"
      ],
      "names": [
        "PaginatedResult",
        "constructor",
        "data",
        "pagination",
        "PagingParams",
        "pageNumber",
        "pageSize"
      ],
      "mappings": ";;;;;;;;;;;;;AAOA,OAAO,MAAMA;IAIXC,YAAYC,IAAO,EAAEC,UAAsB,CAAE;QAH7CD,uBAAAA,QAAAA,KAAAA;QACAC,uBAAAA,cAAAA,KAAAA;QAGE,IAAI,CAACD,IAAI,GAAGA;QACZ,IAAI,CAACC,UAAU,GAAGA;IACpB;AACF;AAEA,OAAO,MAAMC;IAIXH,YAAYI,aAAa,CAAC,EAAEC,WAAW,CAAC,CAAE;QAH1CD,uBAAAA,cAAAA,KAAAA;QACAC,uBAAAA,YAAAA,KAAAA;QAGE,IAAI,CAACD,UAAU,GAAGA;QAClB,IAAI,CAACC,QAAQ,GAAGA;IAClB;AACF"
    },
    "_coverageSchema": "1a1c01bbd47fc00a2c39e90264f33305004495a9",
    "hash": "dc901e74c3ac55f0c7441c3f1c24a7df76cb72eb"
  },
  "/Users/deannalepke/Desktop/COMP7082/ReadingRoom/client/src/utils/agent.ts": {
    "path": "/Users/deannalepke/Desktop/COMP7082/ReadingRoom/client/src/utils/agent.ts",
    "statementMap": {
      "0": {
        "start": {
          "line": 6,
          "column": 14
        },
        "end": {
          "line": 10,
          "column": 1
        }
      },
      "1": {
        "start": {
          "line": 7,
          "column": 4
        },
        "end": {
          "line": 9,
          "column": 7
        }
      },
      "2": {
        "start": {
          "line": 8,
          "column": 8
        },
        "end": {
          "line": 8,
          "column": 35
        }
      },
      "3": {
        "start": {
          "line": 11,
          "column": 0
        },
        "end": {
          "line": 11,
          "column": 53
        }
      },
      "4": {
        "start": {
          "line": 12,
          "column": 0
        },
        "end": {
          "line": 54,
          "column": 3
        }
      },
      "5": {
        "start": {
          "line": 13,
          "column": 4
        },
        "end": {
          "line": 13,
          "column": 21
        }
      },
      "6": {
        "start": {
          "line": 14,
          "column": 23
        },
        "end": {
          "line": 14,
          "column": 53
        }
      },
      "7": {
        "start": {
          "line": 15,
          "column": 4
        },
        "end": {
          "line": 18,
          "column": 5
        }
      },
      "8": {
        "start": {
          "line": 16,
          "column": 8
        },
        "end": {
          "line": 16,
          "column": 83
        }
      },
      "9": {
        "start": {
          "line": 17,
          "column": 8
        },
        "end": {
          "line": 17,
          "column": 24
        }
      },
      "10": {
        "start": {
          "line": 19,
          "column": 4
        },
        "end": {
          "line": 19,
          "column": 20
        }
      },
      "11": {
        "start": {
          "line": 21,
          "column": 37
        },
        "end": {
          "line": 21,
          "column": 51
        }
      },
      "12": {
        "start": {
          "line": 22,
          "column": 4
        },
        "end": {
          "line": 52,
          "column": 5
        }
      },
      "13": {
        "start": {
          "line": 24,
          "column": 12
        },
        "end": {
          "line": 26,
          "column": 13
        }
      },
      "14": {
        "start": {
          "line": 25,
          "column": 16
        },
        "end": {
          "line": 25,
          "column": 46
        }
      },
      "15": {
        "start": {
          "line": 27,
          "column": 12
        },
        "end": {
          "line": 37,
          "column": 13
        }
      },
      "16": {
        "start": {
          "line": 28,
          "column": 41
        },
        "end": {
          "line": 28,
          "column": 43
        }
      },
      "17": {
        "start": {
          "line": 29,
          "column": 16
        },
        "end": {
          "line": 33,
          "column": 17
        }
      },
      "18": {
        "start": {
          "line": 30,
          "column": 20
        },
        "end": {
          "line": 32,
          "column": 21
        }
      },
      "19": {
        "start": {
          "line": 31,
          "column": 24
        },
        "end": {
          "line": 31,
          "column": 64
        }
      },
      "20": {
        "start": {
          "line": 34,
          "column": 16
        },
        "end": {
          "line": 34,
          "column": 46
        }
      },
      "21": {
        "start": {
          "line": 36,
          "column": 16
        },
        "end": {
          "line": 36,
          "column": 34
        }
      },
      "22": {
        "start": {
          "line": 38,
          "column": 12
        },
        "end": {
          "line": 38,
          "column": 18
        }
      },
      "23": {
        "start": {
          "line": 40,
          "column": 12
        },
        "end": {
          "line": 40,
          "column": 40
        }
      },
      "24": {
        "start": {
          "line": 41,
          "column": 12
        },
        "end": {
          "line": 41,
          "column": 18
        }
      },
      "25": {
        "start": {
          "line": 43,
          "column": 12
        },
        "end": {
          "line": 43,
          "column": 37
        }
      },
      "26": {
        "start": {
          "line": 44,
          "column": 12
        },
        "end": {
          "line": 44,
          "column": 18
        }
      },
      "27": {
        "start": {
          "line": 46,
          "column": 12
        },
        "end": {
          "line": 46,
          "column": 42
        }
      },
      "28": {
        "start": {
          "line": 47,
          "column": 12
        },
        "end": {
          "line": 47,
          "column": 18
        }
      },
      "29": {
        "start": {
          "line": 49,
          "column": 12
        },
        "end": {
          "line": 49,
          "column": 51
        }
      },
      "30": {
        "start": {
          "line": 50,
          "column": 12
        },
        "end": {
          "line": 50,
          "column": 45
        }
      },
      "31": {
        "start": {
          "line": 51,
          "column": 12
        },
        "end": {
          "line": 51,
          "column": 18
        }
      },
      "32": {
        "start": {
          "line": 53,
          "column": 4
        },
        "end": {
          "line": 53,
          "column": 33
        }
      },
      "33": {
        "start": {
          "line": 55,
          "column": 21
        },
        "end": {
          "line": 55,
          "column": 46
        }
      },
      "34": {
        "start": {
          "line": 55,
          "column": 33
        },
        "end": {
          "line": 55,
          "column": 46
        }
      },
      "35": {
        "start": {
          "line": 56,
          "column": 0
        },
        "end": {
          "line": 60,
          "column": 3
        }
      },
      "36": {
        "start": {
          "line": 57,
          "column": 18
        },
        "end": {
          "line": 57,
          "column": 41
        }
      },
      "37": {
        "start": {
          "line": 58,
          "column": 4
        },
        "end": {
          "line": 58,
          "column": 82
        }
      },
      "38": {
        "start": {
          "line": 58,
          "column": 33
        },
        "end": {
          "line": 58,
          "column": 82
        }
      },
      "39": {
        "start": {
          "line": 59,
          "column": 4
        },
        "end": {
          "line": 59,
          "column": 18
        }
      },
      "40": {
        "start": {
          "line": 61,
          "column": 17
        },
        "end": {
          "line": 66,
          "column": 1
        }
      },
      "41": {
        "start": {
          "line": 62,
          "column": 16
        },
        "end": {
          "line": 62,
          "column": 49
        }
      },
      "42": {
        "start": {
          "line": 63,
          "column": 23
        },
        "end": {
          "line": 63,
          "column": 63
        }
      },
      "43": {
        "start": {
          "line": 64,
          "column": 22
        },
        "end": {
          "line": 64,
          "column": 61
        }
      },
      "44": {
        "start": {
          "line": 65,
          "column": 19
        },
        "end": {
          "line": 65,
          "column": 55
        }
      },
      "45": {
        "start": {
          "line": 67,
          "column": 18
        },
        "end": {
          "line": 86,
          "column": 1
        }
      },
      "46": {
        "start": {
          "line": 68,
          "column": 20
        },
        "end": {
          "line": 70,
          "column": 29
        }
      },
      "47": {
        "start": {
          "line": 71,
          "column": 19
        },
        "end": {
          "line": 71,
          "column": 51
        }
      },
      "48": {
        "start": {
          "line": 72,
          "column": 24
        },
        "end": {
          "line": 72,
          "column": 61
        }
      },
      "49": {
        "start": {
          "line": 73,
          "column": 24
        },
        "end": {
          "line": 73,
          "column": 75
        }
      },
      "50": {
        "start": {
          "line": 74,
          "column": 18
        },
        "end": {
          "line": 74,
          "column": 53
        }
      },
      "51": {
        "start": {
          "line": 75,
          "column": 16
        },
        "end": {
          "line": 75,
          "column": 58
        }
      },
      "52": {
        "start": {
          "line": 77,
          "column": 23
        },
        "end": {
          "line": 77,
          "column": 37
        }
      },
      "53": {
        "start": {
          "line": 78,
          "column": 8
        },
        "end": {
          "line": 78,
          "column": 38
        }
      },
      "54": {
        "start": {
          "line": 79,
          "column": 8
        },
        "end": {
          "line": 83,
          "column": 11
        }
      },
      "55": {
        "start": {
          "line": 85,
          "column": 23
        },
        "end": {
          "line": 85,
          "column": 55
        }
      },
      "56": {
        "start": {
          "line": 87,
          "column": 16
        },
        "end": {
          "line": 91,
          "column": 1
        }
      },
      "57": {
        "start": {
          "line": 88,
          "column": 17
        },
        "end": {
          "line": 88,
          "column": 41
        }
      },
      "58": {
        "start": {
          "line": 89,
          "column": 19
        },
        "end": {
          "line": 89,
          "column": 56
        }
      },
      "59": {
        "start": {
          "line": 90,
          "column": 22
        },
        "end": {
          "line": 90,
          "column": 62
        }
      },
      "60": {
        "start": {
          "line": 92,
          "column": 17
        },
        "end": {
          "line": 105,
          "column": 1
        }
      },
      "61": {
        "start": {
          "line": 93,
          "column": 21
        },
        "end": {
          "line": 93,
          "column": 58
        }
      },
      "62": {
        "start": {
          "line": 95,
          "column": 23
        },
        "end": {
          "line": 95,
          "column": 37
        }
      },
      "63": {
        "start": {
          "line": 96,
          "column": 8
        },
        "end": {
          "line": 96,
          "column": 38
        }
      },
      "64": {
        "start": {
          "line": 97,
          "column": 8
        },
        "end": {
          "line": 101,
          "column": 11
        }
      },
      "65": {
        "start": {
          "line": 103,
          "column": 30
        },
        "end": {
          "line": 103,
          "column": 64
        }
      },
      "66": {
        "start": {
          "line": 104,
          "column": 31
        },
        "end": {
          "line": 104,
          "column": 78
        }
      },
      "67": {
        "start": {
          "line": 106,
          "column": 14
        },
        "end": {
          "line": 110,
          "column": 1
        }
      }
    },
    "fnMap": {
      "0": {
        "name": "(anonymous_0)",
        "decl": {
          "start": {
            "line": 6,
            "column": 14
          },
          "end": {
            "line": 6,
            "column": 15
          }
        },
        "loc": {
          "start": {
            "line": 6,
            "column": 23
          },
          "end": {
            "line": 10,
            "column": 1
          }
        },
        "line": 6
      },
      "1": {
        "name": "(anonymous_1)",
        "decl": {
          "start": {
            "line": 7,
            "column": 23
          },
          "end": {
            "line": 7,
            "column": 24
          }
        },
        "loc": {
          "start": {
            "line": 7,
            "column": 34
          },
          "end": {
            "line": 9,
            "column": 5
          }
        },
        "line": 7
      },
      "2": {
        "name": "(anonymous_2)",
        "decl": {
          "start": {
            "line": 12,
            "column": 32
          },
          "end": {
            "line": 12,
            "column": 33
          }
        },
        "loc": {
          "start": {
            "line": 12,
            "column": 50
          },
          "end": {
            "line": 20,
            "column": 1
          }
        },
        "line": 12
      },
      "3": {
        "name": "(anonymous_3)",
        "decl": {
          "start": {
            "line": 20,
            "column": 3
          },
          "end": {
            "line": 20,
            "column": 4
          }
        },
        "loc": {
          "start": {
            "line": 20,
            "column": 12
          },
          "end": {
            "line": 54,
            "column": 1
          }
        },
        "line": 20
      },
      "4": {
        "name": "(anonymous_4)",
        "decl": {
          "start": {
            "line": 55,
            "column": 21
          },
          "end": {
            "line": 55,
            "column": 22
          }
        },
        "loc": {
          "start": {
            "line": 55,
            "column": 33
          },
          "end": {
            "line": 55,
            "column": 46
          }
        },
        "line": 55
      },
      "5": {
        "name": "(anonymous_5)",
        "decl": {
          "start": {
            "line": 56,
            "column": 31
          },
          "end": {
            "line": 56,
            "column": 32
          }
        },
        "loc": {
          "start": {
            "line": 56,
            "column": 41
          },
          "end": {
            "line": 60,
            "column": 1
          }
        },
        "line": 56
      },
      "6": {
        "name": "(anonymous_6)",
        "decl": {
          "start": {
            "line": 62,
            "column": 9
          },
          "end": {
            "line": 62,
            "column": 10
          }
        },
        "loc": {
          "start": {
            "line": 62,
            "column": 16
          },
          "end": {
            "line": 62,
            "column": 49
          }
        },
        "line": 62
      },
      "7": {
        "name": "(anonymous_7)",
        "decl": {
          "start": {
            "line": 63,
            "column": 10
          },
          "end": {
            "line": 63,
            "column": 11
          }
        },
        "loc": {
          "start": {
            "line": 63,
            "column": 23
          },
          "end": {
            "line": 63,
            "column": 63
          }
        },
        "line": 63
      },
      "8": {
        "name": "(anonymous_8)",
        "decl": {
          "start": {
            "line": 64,
            "column": 9
          },
          "end": {
            "line": 64,
            "column": 10
          }
        },
        "loc": {
          "start": {
            "line": 64,
            "column": 22
          },
          "end": {
            "line": 64,
            "column": 61
          }
        },
        "line": 64
      },
      "9": {
        "name": "(anonymous_9)",
        "decl": {
          "start": {
            "line": 65,
            "column": 12
          },
          "end": {
            "line": 65,
            "column": 13
          }
        },
        "loc": {
          "start": {
            "line": 65,
            "column": 19
          },
          "end": {
            "line": 65,
            "column": 55
          }
        },
        "line": 65
      },
      "10": {
        "name": "(anonymous_10)",
        "decl": {
          "start": {
            "line": 68,
            "column": 10
          },
          "end": {
            "line": 68,
            "column": 11
          }
        },
        "loc": {
          "start": {
            "line": 68,
            "column": 20
          },
          "end": {
            "line": 70,
            "column": 29
          }
        },
        "line": 68
      },
      "11": {
        "name": "(anonymous_11)",
        "decl": {
          "start": {
            "line": 71,
            "column": 13
          },
          "end": {
            "line": 71,
            "column": 14
          }
        },
        "loc": {
          "start": {
            "line": 71,
            "column": 19
          },
          "end": {
            "line": 71,
            "column": 51
          }
        },
        "line": 71
      },
      "12": {
        "name": "(anonymous_12)",
        "decl": {
          "start": {
            "line": 72,
            "column": 12
          },
          "end": {
            "line": 72,
            "column": 13
          }
        },
        "loc": {
          "start": {
            "line": 72,
            "column": 24
          },
          "end": {
            "line": 72,
            "column": 61
          }
        },
        "line": 72
      },
      "13": {
        "name": "(anonymous_13)",
        "decl": {
          "start": {
            "line": 73,
            "column": 12
          },
          "end": {
            "line": 73,
            "column": 13
          }
        },
        "loc": {
          "start": {
            "line": 73,
            "column": 24
          },
          "end": {
            "line": 73,
            "column": 75
          }
        },
        "line": 73
      },
      "14": {
        "name": "(anonymous_14)",
        "decl": {
          "start": {
            "line": 74,
            "column": 12
          },
          "end": {
            "line": 74,
            "column": 13
          }
        },
        "loc": {
          "start": {
            "line": 74,
            "column": 18
          },
          "end": {
            "line": 74,
            "column": 53
          }
        },
        "line": 74
      },
      "15": {
        "name": "(anonymous_15)",
        "decl": {
          "start": {
            "line": 75,
            "column": 10
          },
          "end": {
            "line": 75,
            "column": 11
          }
        },
        "loc": {
          "start": {
            "line": 75,
            "column": 16
          },
          "end": {
            "line": 75,
            "column": 58
          }
        },
        "line": 75
      },
      "16": {
        "name": "(anonymous_16)",
        "decl": {
          "start": {
            "line": 76,
            "column": 17
          },
          "end": {
            "line": 76,
            "column": 18
          }
        },
        "loc": {
          "start": {
            "line": 76,
            "column": 25
          },
          "end": {
            "line": 84,
            "column": 5
          }
        },
        "line": 76
      },
      "17": {
        "name": "(anonymous_17)",
        "decl": {
          "start": {
            "line": 85,
            "column": 17
          },
          "end": {
            "line": 85,
            "column": 18
          }
        },
        "loc": {
          "start": {
            "line": 85,
            "column": 23
          },
          "end": {
            "line": 85,
            "column": 55
          }
        },
        "line": 85
      },
      "18": {
        "name": "(anonymous_18)",
        "decl": {
          "start": {
            "line": 88,
            "column": 13
          },
          "end": {
            "line": 88,
            "column": 14
          }
        },
        "loc": {
          "start": {
            "line": 88,
            "column": 17
          },
          "end": {
            "line": 88,
            "column": 41
          }
        },
        "line": 88
      },
      "19": {
        "name": "(anonymous_19)",
        "decl": {
          "start": {
            "line": 89,
            "column": 11
          },
          "end": {
            "line": 89,
            "column": 12
          }
        },
        "loc": {
          "start": {
            "line": 89,
            "column": 19
          },
          "end": {
            "line": 89,
            "column": 56
          }
        },
        "line": 89
      },
      "20": {
        "name": "(anonymous_20)",
        "decl": {
          "start": {
            "line": 90,
            "column": 14
          },
          "end": {
            "line": 90,
            "column": 15
          }
        },
        "loc": {
          "start": {
            "line": 90,
            "column": 22
          },
          "end": {
            "line": 90,
            "column": 62
          }
        },
        "line": 90
      },
      "21": {
        "name": "(anonymous_21)",
        "decl": {
          "start": {
            "line": 93,
            "column": 9
          },
          "end": {
            "line": 93,
            "column": 10
          }
        },
        "loc": {
          "start": {
            "line": 93,
            "column": 21
          },
          "end": {
            "line": 93,
            "column": 58
          }
        },
        "line": 93
      },
      "22": {
        "name": "(anonymous_22)",
        "decl": {
          "start": {
            "line": 94,
            "column": 17
          },
          "end": {
            "line": 94,
            "column": 18
          }
        },
        "loc": {
          "start": {
            "line": 94,
            "column": 25
          },
          "end": {
            "line": 102,
            "column": 5
          }
        },
        "line": 94
      },
      "23": {
        "name": "(anonymous_23)",
        "decl": {
          "start": {
            "line": 103,
            "column": 19
          },
          "end": {
            "line": 103,
            "column": 20
          }
        },
        "loc": {
          "start": {
            "line": 103,
            "column": 30
          },
          "end": {
            "line": 103,
            "column": 64
          }
        },
        "line": 103
      },
      "24": {
        "name": "(anonymous_24)",
        "decl": {
          "start": {
            "line": 104,
            "column": 19
          },
          "end": {
            "line": 104,
            "column": 20
          }
        },
        "loc": {
          "start": {
            "line": 104,
            "column": 31
          },
          "end": {
            "line": 104,
            "column": 78
          }
        },
        "line": 104
      }
    },
    "branchMap": {
      "0": {
        "loc": {
          "start": {
            "line": 15,
            "column": 4
          },
          "end": {
            "line": 18,
            "column": 5
          }
        },
        "type": "if",
        "locations": [
          {
            "start": {
              "line": 15,
              "column": 4
            },
            "end": {
              "line": 18,
              "column": 5
            }
          },
          {
            "start": {},
            "end": {}
          }
        ],
        "line": 15
      },
      "1": {
        "loc": {
          "start": {
            "line": 22,
            "column": 4
          },
          "end": {
            "line": 52,
            "column": 5
          }
        },
        "type": "switch",
        "locations": [
          {
            "start": {
              "line": 23,
              "column": 8
            },
            "end": {
              "line": 38,
              "column": 18
            }
          },
          {
            "start": {
              "line": 39,
              "column": 8
            },
            "end": {
              "line": 41,
              "column": 18
            }
          },
          {
            "start": {
              "line": 42,
              "column": 8
            },
            "end": {
              "line": 44,
              "column": 18
            }
          },
          {
            "start": {
              "line": 45,
              "column": 8
            },
            "end": {
              "line": 47,
              "column": 18
            }
          },
          {
            "start": {
              "line": 48,
              "column": 8
            },
            "end": {
              "line": 51,
              "column": 18
            }
          }
        ],
        "line": 22
      },
      "2": {
        "loc": {
          "start": {
            "line": 24,
            "column": 12
          },
          "end": {
            "line": 26,
            "column": 13
          }
        },
        "type": "if",
        "locations": [
          {
            "start": {
              "line": 24,
              "column": 12
            },
            "end": {
              "line": 26,
              "column": 13
            }
          },
          {
            "start": {},
            "end": {}
          }
        ],
        "line": 24
      },
      "3": {
        "loc": {
          "start": {
            "line": 24,
            "column": 16
          },
          "end": {
            "line": 24,
            "column": 98
          }
        },
        "type": "binary-expr",
        "locations": [
          {
            "start": {
              "line": 24,
              "column": 16
            },
            "end": {
              "line": 24,
              "column": 39
            }
          },
          {
            "start": {
              "line": 24,
              "column": 43
            },
            "end": {
              "line": 24,
              "column": 98
            }
          }
        ],
        "line": 24
      },
      "4": {
        "loc": {
          "start": {
            "line": 27,
            "column": 12
          },
          "end": {
            "line": 37,
            "column": 13
          }
        },
        "type": "if",
        "locations": [
          {
            "start": {
              "line": 27,
              "column": 12
            },
            "end": {
              "line": 37,
              "column": 13
            }
          },
          {
            "start": {
              "line": 35,
              "column": 19
            },
            "end": {
              "line": 37,
              "column": 13
            }
          }
        ],
        "line": 27
      },
      "5": {
        "loc": {
          "start": {
            "line": 30,
            "column": 20
          },
          "end": {
            "line": 32,
            "column": 21
          }
        },
        "type": "if",
        "locations": [
          {
            "start": {
              "line": 30,
              "column": 20
            },
            "end": {
              "line": 32,
              "column": 21
            }
          },
          {
            "start": {},
            "end": {}
          }
        ],
        "line": 30
      },
      "6": {
        "loc": {
          "start": {
            "line": 58,
            "column": 4
          },
          "end": {
            "line": 58,
            "column": 82
          }
        },
        "type": "if",
        "locations": [
          {
            "start": {
              "line": 58,
              "column": 4
            },
            "end": {
              "line": 58,
              "column": 82
            }
          },
          {
            "start": {},
            "end": {}
          }
        ],
        "line": 58
      },
      "7": {
        "loc": {
          "start": {
            "line": 58,
            "column": 8
          },
          "end": {
            "line": 58,
            "column": 31
          }
        },
        "type": "binary-expr",
        "locations": [
          {
            "start": {
              "line": 58,
              "column": 8
            },
            "end": {
              "line": 58,
              "column": 13
            }
          },
          {
            "start": {
              "line": 58,
              "column": 17
            },
            "end": {
              "line": 58,
              "column": 31
            }
          }
        ],
        "line": 58
      }
    },
    "s": {
      "0": 3,
      "1": 16,
      "2": 16,
      "3": 3,
      "4": 3,
      "5": 16,
      "6": 16,
      "7": 16,
      "8": 10,
      "9": 10,
      "10": 6,
      "11": 0,
      "12": 0,
      "13": 0,
      "14": 0,
      "15": 0,
      "16": 0,
      "17": 0,
      "18": 0,
      "19": 0,
      "20": 0,
      "21": 0,
      "22": 0,
      "23": 0,
      "24": 0,
      "25": 0,
      "26": 0,
      "27": 0,
      "28": 0,
      "29": 0,
      "30": 0,
      "31": 0,
      "32": 0,
      "33": 3,
      "34": 16,
      "35": 3,
      "36": 16,
      "37": 16,
      "38": 13,
      "39": 16,
      "40": 3,
      "41": 3,
      "42": 3,
      "43": 0,
      "44": 0,
      "45": 3,
      "46": 10,
      "47": 0,
      "48": 0,
      "49": 0,
      "50": 0,
      "51": 0,
      "52": 0,
      "53": 0,
      "54": 0,
      "55": 0,
      "56": 3,
      "57": 3,
      "58": 3,
      "59": 0,
      "60": 3,
      "61": 0,
      "62": 0,
      "63": 0,
      "64": 0,
      "65": 0,
      "66": 0,
      "67": 3
    },
    "f": {
      "0": 16,
      "1": 16,
      "2": 16,
      "3": 0,
      "4": 16,
      "5": 16,
      "6": 3,
      "7": 3,
      "8": 0,
      "9": 0,
      "10": 10,
      "11": 0,
      "12": 0,
      "13": 0,
      "14": 0,
      "15": 0,
      "16": 0,
      "17": 0,
      "18": 3,
      "19": 3,
      "20": 0,
      "21": 0,
      "22": 0,
      "23": 0,
      "24": 0
    },
    "b": {
      "0": [
        10,
        6
      ],
      "1": [
        0,
        0,
        0,
        0,
        0
      ],
      "2": [
        0,
        0
      ],
      "3": [
        0,
        0
      ],
      "4": [
        0,
        0
      ],
      "5": [
        0,
        0
      ],
      "6": [
        13,
        3
      ],
      "7": [
        16,
        13
      ]
    },
    "inputSourceMap": {
      "version": 3,
      "sources": [
        "/Users/deannalepke/Desktop/COMP7082/ReadingRoom/client/src/utils/agent.ts"
      ],
      "names": [
        "axios",
        "toast",
        "router",
        "store",
        "PaginatedResult",
        "sleep",
        "delay",
        "Promise",
        "resolve",
        "setTimeout",
        "defaults",
        "baseURL",
        "interceptors",
        "response",
        "use",
        "pagination",
        "headers",
        "data",
        "JSON",
        "parse",
        "error",
        "status",
        "config",
        "method",
        "Object",
        "prototype",
        "hasOwnProperty",
        "call",
        "errors",
        "navigate",
        "modalStateErrors",
        "key",
        "push",
        "flat",
        "commonStore",
        "setServerError",
        "reject",
        "responseBody",
        "request",
        "token",
        "Authorization",
        "requests",
        "get",
        "url",
        "then",
        "post",
        "body",
        "put",
        "delete",
        "BookClubs",
        "list",
        "params",
        "details",
        "id",
        "create",
        "bookClub",
        "update",
        "join",
        "uploadImage",
        "file",
        "formData",
        "FormData",
        "append",
        "deleteImage",
        "Account",
        "current",
        "login",
        "user",
        "register",
        "Profiles",
        "username",
        "uploadPhoto",
        "updateProfile",
        "profile",
        "listBookClubs",
        "agent"
      ],
      "mappings": "AAAA,OAAOA,WAA0C,QAAQ;AAEzD,SAASC,KAAK,QAAQ,iBAAiB;AACvC,SAASC,MAAM,QAAQ,mBAAmB;AAC1C,SAASC,KAAK,QAAQ,kBAAkB;AAGxC,SAASC,eAAe,QAAQ,uBAAuB;AAEvD,MAAMC,QAAQ,CAACC;IACb,OAAO,IAAIC,QAAQ,CAACC;QAClBC,WAAWD,SAASF;IACtB;AACF;AAEAN,MAAMU,QAAQ,CAACC,OAAO,GAAG;AAEzBX,MAAMY,YAAY,CAACC,QAAQ,CAACC,GAAG,CAC7B,OAAOD;IACL,MAAMR,MAAM;IACZ,MAAMU,aAAaF,SAASG,OAAO,CAAC,aAAa;IACjD,IAAID,YAAY;QACdF,SAASI,IAAI,GAAG,IAAIb,gBAClBS,SAASI,IAAI,EACbC,KAAKC,KAAK,CAACJ;QAEb,OAAOF;IACT;IACA,OAAOA;AACT,GACA,CAACO;IACC,MAAM,EAAEH,IAAI,EAAEI,MAAM,EAAEC,MAAM,EAAE,GAAGF,MAAMP,QAAQ;IAC/C,OAAQQ;QACN,KAAK;YACH,IACEC,OAAOC,MAAM,KAAK,SAClBC,OAAOC,SAAS,CAACC,cAAc,CAACC,IAAI,CAACV,KAAKW,MAAM,EAAE,OAClD;gBACA1B,OAAO2B,QAAQ,CAAC;YAClB;YACA,IAAIZ,KAAKW,MAAM,EAAE;gBACf,MAAME,mBAAmB,EAAE;gBAC3B,IAAK,MAAMC,OAAOd,KAAKW,MAAM,CAAE;oBAC7B,IAAIX,KAAKW,MAAM,CAACG,IAAI,EAAE;wBACpBD,iBAAiBE,IAAI,CAACf,KAAKW,MAAM,CAACG,IAAI;oBACxC;gBACF;gBACA,MAAMD,iBAAiBG,IAAI;YAC7B,OAAO;gBACLhC,MAAMmB,KAAK,CAACH;YACd;YACA;QACF,KAAK;YACHhB,MAAMmB,KAAK,CAAC;YACZ;QACF,KAAK;YACHnB,MAAMmB,KAAK,CAAC;YACZ;QACF,KAAK;YACHlB,OAAO2B,QAAQ,CAAC;YAChB;QACF,KAAK;YACH1B,MAAM+B,WAAW,CAACC,cAAc,CAAClB;YACjCf,OAAO2B,QAAQ,CAAC;YAChB;IACJ;IACA,OAAOtB,QAAQ6B,MAAM,CAAChB;AACxB;AAGF,MAAMiB,eAAe,CAAIxB,WAA+BA,SAASI,IAAI;AAErEjB,MAAMY,YAAY,CAAC0B,OAAO,CAACxB,GAAG,CAAC,CAACQ;IAC9B,MAAMiB,QAAQpC,MAAM+B,WAAW,CAACK,KAAK;IACrC,IAAIA,SAASjB,OAAON,OAAO,EAAEM,OAAON,OAAO,CAACwB,aAAa,GAAG,CAAC,OAAO,EAAED,MAAM,CAAC;IAC7E,OAAOjB;AACT;AAEA,MAAMmB,WAAW;IACfC,KAAK,CAAIC,MAAgB3C,MAAM0C,GAAG,CAAIC,KAAKC,IAAI,CAACP;IAChDQ,MAAM,CAAIF,KAAaG,OACrB9C,MAAM6C,IAAI,CAAIF,KAAKG,MAAMF,IAAI,CAACP;IAChCU,KAAK,CAAIJ,KAAaG,OAAa9C,MAAM+C,GAAG,CAAIJ,KAAKG,MAAMF,IAAI,CAACP;IAChEW,QAAQ,CAAIL,MAAgB3C,MAAMgD,MAAM,CAAIL,KAAKC,IAAI,CAACP;AACxD;AAEA,MAAMY,YAAY;IAChBC,MAAM,CAACC,SACLnD,MACG0C,GAAG,CAA8B,aAAa;YAAES;QAAO,GACvDP,IAAI,CAACP;IACVe,SAAS,CAACC,KAAeZ,SAASC,GAAG,CAAW,CAAC,WAAW,EAAEW,GAAG,CAAC;IAClEC,QAAQ,CAACC,WACPd,SAASI,IAAI,CAAO,cAAcU;IACpCC,QAAQ,CAACD,WACPd,SAASM,GAAG,CAAO,CAAC,WAAW,EAAEQ,SAASF,EAAE,CAAC,CAAC,EAAEE;IAClDP,QAAQ,CAACK,KAAeZ,SAASO,MAAM,CAAO,CAAC,WAAW,EAAEK,GAAG,CAAC;IAChEI,MAAM,CAACJ,KAAeZ,SAASI,IAAI,CAAO,CAAC,WAAW,EAAEQ,GAAG,KAAK,CAAC,EAAE,CAAC;IACpEK,aAAa,CAACC;QACZ,IAAIC,WAAW,IAAIC;QACnBD,SAASE,MAAM,CAAC,QAAQH;QACxB,OAAO3D,MAAM6C,IAAI,CAAQ,UAAUe,UAAU;YAC3C5C,SAAS;gBAAE,gBAAgB;YAAsB;QACnD;IACF;IACA+C,aAAa,CAACV,KAAeZ,SAASO,MAAM,CAAO,CAAC,QAAQ,EAAEK,GAAG,CAAC;AACpE;AAEA,MAAMW,UAAU;IACdC,SAAS,IAAMxB,SAASC,GAAG,CAAO;IAClCwB,OAAO,CAACC,OAAyB1B,SAASI,IAAI,CAAO,kBAAkBsB;IACvEC,UAAU,CAACD,OACT1B,SAASI,IAAI,CAAO,qBAAqBsB;AAC7C;AAEA,MAAME,WAAW;IACf3B,KAAK,CAAC4B,WAAqB7B,SAASC,GAAG,CAAU,CAAC,UAAU,EAAE4B,SAAS,CAAC;IACxEC,aAAa,CAACZ;QACZ,IAAIC,WAAW,IAAIC;QACnBD,SAASE,MAAM,CAAC,QAAQH;QACxB,OAAO3D,MAAM6C,IAAI,CAAQ,UAAUe,UAAU;YAC3C5C,SAAS;gBAAE,gBAAgB;YAAsB;QACnD;IACF;IACAwD,eAAe,CAACC,UACdhC,SAASM,GAAG,CAAC,CAAC,SAAS,CAAC,EAAE0B;IAC5BC,eAAe,CAACJ,WACd7B,SAASC,GAAG,CAAiB,CAAC,UAAU,EAAE4B,SAAS,UAAU,CAAC;AAClE;AAEA,MAAMK,QAAQ;IACZ1B;IACAe;IACAK;AACF;AAEA,eAAeM,MAAM"
    },
    "_coverageSchema": "1a1c01bbd47fc00a2c39e90264f33305004495a9",
    "hash": "08f57aad3030c4549dd7eca1ce9d4bff753ae9db"
  },
  "/Users/deannalepke/Desktop/COMP7082/ReadingRoom/client/src/models/profile.ts": {
    "path": "/Users/deannalepke/Desktop/COMP7082/ReadingRoom/client/src/models/profile.ts",
    "statementMap": {
      "0": {
        "start": {
          "line": 2,
          "column": 4
        },
        "end": {
          "line": 11,
          "column": 5
        }
      },
      "1": {
        "start": {
          "line": 3,
          "column": 8
        },
        "end": {
          "line": 8,
          "column": 11
        }
      },
      "2": {
        "start": {
          "line": 10,
          "column": 8
        },
        "end": {
          "line": 10,
          "column": 25
        }
      },
      "3": {
        "start": {
          "line": 12,
          "column": 4
        },
        "end": {
          "line": 12,
          "column": 15
        }
      },
      "4": {
        "start": {
          "line": 16,
          "column": 8
        },
        "end": {
          "line": 16,
          "column": 51
        }
      },
      "5": {
        "start": {
          "line": 17,
          "column": 8
        },
        "end": {
          "line": 17,
          "column": 54
        }
      },
      "6": {
        "start": {
          "line": 18,
          "column": 8
        },
        "end": {
          "line": 18,
          "column": 48
        }
      },
      "7": {
        "start": {
          "line": 19,
          "column": 8
        },
        "end": {
          "line": 19,
          "column": 46
        }
      },
      "8": {
        "start": {
          "line": 20,
          "column": 8
        },
        "end": {
          "line": 20,
          "column": 38
        }
      },
      "9": {
        "start": {
          "line": 21,
          "column": 8
        },
        "end": {
          "line": 21,
          "column": 44
        }
      },
      "10": {
        "start": {
          "line": 22,
          "column": 8
        },
        "end": {
          "line": 22,
          "column": 32
        }
      }
    },
    "fnMap": {
      "0": {
        "name": "_define_property",
        "decl": {
          "start": {
            "line": 1,
            "column": 9
          },
          "end": {
            "line": 1,
            "column": 25
          }
        },
        "loc": {
          "start": {
            "line": 1,
            "column": 43
          },
          "end": {
            "line": 13,
            "column": 1
          }
        },
        "line": 1
      },
      "1": {
        "name": "(anonymous_1)",
        "decl": {
          "start": {
            "line": 15,
            "column": 4
          },
          "end": {
            "line": 15,
            "column": 5
          }
        },
        "loc": {
          "start": {
            "line": 15,
            "column": 21
          },
          "end": {
            "line": 23,
            "column": 5
          }
        },
        "line": 15
      }
    },
    "branchMap": {
      "0": {
        "loc": {
          "start": {
            "line": 2,
            "column": 4
          },
          "end": {
            "line": 11,
            "column": 5
          }
        },
        "type": "if",
        "locations": [
          {
            "start": {
              "line": 2,
              "column": 4
            },
            "end": {
              "line": 11,
              "column": 5
            }
          },
          {
            "start": {
              "line": 9,
              "column": 11
            },
            "end": {
              "line": 11,
              "column": 5
            }
          }
        ],
        "line": 2
      }
    },
    "s": {
      "0": 0,
      "1": 0,
      "2": 0,
      "3": 0,
      "4": 0,
      "5": 0,
      "6": 0,
      "7": 0,
      "8": 0,
      "9": 0,
      "10": 0
    },
    "f": {
      "0": 0,
      "1": 0
    },
    "b": {
      "0": [
        0,
        0
      ]
    },
    "inputSourceMap": {
      "version": 3,
      "sources": [
        "/Users/deannalepke/Desktop/COMP7082/ReadingRoom/client/src/models/profile.ts"
      ],
      "names": [
        "Profile",
        "constructor",
        "user",
        "username",
        "displayName",
        "image",
        "bio"
      ],
      "mappings": ";;;;;;;;;;;;;AASA,OAAO,MAAMA;IACXC,YAAYC,IAAU,CAAE;QAMxBC,uBAAAA,YAAAA,KAAAA;QACAC,uBAAAA,eAAAA,KAAAA;QACAC,uBAAAA,SAAAA,KAAAA;QACAC,uBAAAA,OAAAA,KAAAA;QARE,IAAI,CAACH,QAAQ,GAAGD,KAAKC,QAAQ;QAC7B,IAAI,CAACC,WAAW,GAAGF,KAAKE,WAAW;QACnC,IAAI,CAACC,KAAK,GAAGH,KAAKG,KAAK;IACzB;AAMF"
    },
    "_coverageSchema": "1a1c01bbd47fc00a2c39e90264f33305004495a9",
    "hash": "511e5269592c74a22195f4b58785913cbef31f9d"
  },
  "/Users/deannalepke/Desktop/COMP7082/ReadingRoom/client/src/stores/bookClubStore.ts": {
    "path": "/Users/deannalepke/Desktop/COMP7082/ReadingRoom/client/src/stores/bookClubStore.ts",
    "statementMap": {
      "0": {
        "start": {
          "line": 2,
          "column": 4
        },
        "end": {
          "line": 11,
          "column": 5
        }
      },
      "1": {
        "start": {
          "line": 3,
          "column": 8
        },
        "end": {
          "line": 8,
          "column": 11
        }
      },
      "2": {
        "start": {
          "line": 10,
          "column": 8
        },
        "end": {
          "line": 10,
          "column": 25
        }
      },
      "3": {
        "start": {
          "line": 12,
          "column": 4
        },
        "end": {
          "line": 12,
          "column": 15
        }
      },
      "4": {
        "start": {
          "line": 23,
          "column": 23
        },
        "end": {
          "line": 23,
          "column": 44
        }
      },
      "5": {
        "start": {
          "line": 24,
          "column": 8
        },
        "end": {
          "line": 24,
          "column": 77
        }
      },
      "6": {
        "start": {
          "line": 25,
          "column": 8
        },
        "end": {
          "line": 25,
          "column": 73
        }
      },
      "7": {
        "start": {
          "line": 26,
          "column": 8
        },
        "end": {
          "line": 28,
          "column": 11
        }
      },
      "8": {
        "start": {
          "line": 27,
          "column": 12
        },
        "end": {
          "line": 27,
          "column": 38
        }
      },
      "9": {
        "start": {
          "line": 29,
          "column": 8
        },
        "end": {
          "line": 29,
          "column": 22
        }
      },
      "10": {
        "start": {
          "line": 32,
          "column": 8
        },
        "end": {
          "line": 32,
          "column": 58
        }
      },
      "11": {
        "start": {
          "line": 35,
          "column": 8
        },
        "end": {
          "line": 35,
          "column": 62
        }
      },
      "12": {
        "start": {
          "line": 36,
          "column": 8
        },
        "end": {
          "line": 36,
          "column": 62
        }
      },
      "13": {
        "start": {
          "line": 37,
          "column": 8
        },
        "end": {
          "line": 37,
          "column": 50
        }
      },
      "14": {
        "start": {
          "line": 38,
          "column": 8
        },
        "end": {
          "line": 38,
          "column": 48
        }
      },
      "15": {
        "start": {
          "line": 39,
          "column": 8
        },
        "end": {
          "line": 39,
          "column": 55
        }
      },
      "16": {
        "start": {
          "line": 40,
          "column": 8
        },
        "end": {
          "line": 40,
          "column": 56
        }
      },
      "17": {
        "start": {
          "line": 41,
          "column": 8
        },
        "end": {
          "line": 41,
          "column": 49
        }
      },
      "18": {
        "start": {
          "line": 42,
          "column": 8
        },
        "end": {
          "line": 42,
          "column": 51
        }
      },
      "19": {
        "start": {
          "line": 43,
          "column": 8
        },
        "end": {
          "line": 43,
          "column": 67
        }
      },
      "20": {
        "start": {
          "line": 44,
          "column": 8
        },
        "end": {
          "line": 44,
          "column": 72
        }
      },
      "21": {
        "start": {
          "line": 45,
          "column": 8
        },
        "end": {
          "line": 45,
          "column": 51
        }
      },
      "22": {
        "start": {
          "line": 46,
          "column": 8
        },
        "end": {
          "line": 48,
          "column": 11
        }
      },
      "23": {
        "start": {
          "line": 47,
          "column": 12
        },
        "end": {
          "line": 47,
          "column": 45
        }
      },
      "24": {
        "start": {
          "line": 49,
          "column": 8
        },
        "end": {
          "line": 77,
          "column": 11
        }
      },
      "25": {
        "start": {
          "line": 50,
          "column": 35
        },
        "end": {
          "line": 54,
          "column": 13
        }
      },
      "26": {
        "start": {
          "line": 51,
          "column": 16
        },
        "end": {
          "line": 53,
          "column": 19
        }
      },
      "27": {
        "start": {
          "line": 52,
          "column": 20
        },
        "end": {
          "line": 52,
          "column": 47
        }
      },
      "28": {
        "start": {
          "line": 55,
          "column": 12
        },
        "end": {
          "line": 76,
          "column": 13
        }
      },
      "29": {
        "start": {
          "line": 57,
          "column": 20
        },
        "end": {
          "line": 57,
          "column": 37
        }
      },
      "30": {
        "start": {
          "line": 58,
          "column": 20
        },
        "end": {
          "line": 58,
          "column": 52
        }
      },
      "31": {
        "start": {
          "line": 59,
          "column": 20
        },
        "end": {
          "line": 59,
          "column": 26
        }
      },
      "32": {
        "start": {
          "line": 61,
          "column": 20
        },
        "end": {
          "line": 61,
          "column": 37
        }
      },
      "33": {
        "start": {
          "line": 62,
          "column": 20
        },
        "end": {
          "line": 62,
          "column": 57
        }
      },
      "34": {
        "start": {
          "line": 63,
          "column": 20
        },
        "end": {
          "line": 63,
          "column": 26
        }
      },
      "35": {
        "start": {
          "line": 65,
          "column": 20
        },
        "end": {
          "line": 65,
          "column": 37
        }
      },
      "36": {
        "start": {
          "line": 66,
          "column": 20
        },
        "end": {
          "line": 66,
          "column": 56
        }
      },
      "37": {
        "start": {
          "line": 67,
          "column": 20
        },
        "end": {
          "line": 67,
          "column": 26
        }
      },
      "38": {
        "start": {
          "line": 69,
          "column": 20
        },
        "end": {
          "line": 69,
          "column": 54
        }
      },
      "39": {
        "start": {
          "line": 70,
          "column": 20
        },
        "end": {
          "line": 70,
          "column": 58
        }
      },
      "40": {
        "start": {
          "line": 71,
          "column": 20
        },
        "end": {
          "line": 71,
          "column": 26
        }
      },
      "41": {
        "start": {
          "line": 73,
          "column": 20
        },
        "end": {
          "line": 73,
          "column": 57
        }
      },
      "42": {
        "start": {
          "line": 74,
          "column": 20
        },
        "end": {
          "line": 74,
          "column": 61
        }
      },
      "43": {
        "start": {
          "line": 75,
          "column": 20
        },
        "end": {
          "line": 75,
          "column": 26
        }
      },
      "44": {
        "start": {
          "line": 78,
          "column": 8
        },
        "end": {
          "line": 94,
          "column": 11
        }
      },
      "45": {
        "start": {
          "line": 79,
          "column": 12
        },
        "end": {
          "line": 79,
          "column": 42
        }
      },
      "46": {
        "start": {
          "line": 80,
          "column": 12
        },
        "end": {
          "line": 80,
          "column": 41
        }
      },
      "47": {
        "start": {
          "line": 81,
          "column": 12
        },
        "end": {
          "line": 93,
          "column": 13
        }
      },
      "48": {
        "start": {
          "line": 82,
          "column": 31
        },
        "end": {
          "line": 82,
          "column": 75
        }
      },
      "49": {
        "start": {
          "line": 83,
          "column": 16
        },
        "end": {
          "line": 87,
          "column": 17
        }
      },
      "50": {
        "start": {
          "line": 84,
          "column": 20
        },
        "end": {
          "line": 86,
          "column": 23
        }
      },
      "51": {
        "start": {
          "line": 85,
          "column": 24
        },
        "end": {
          "line": 85,
          "column": 51
        }
      },
      "52": {
        "start": {
          "line": 88,
          "column": 16
        },
        "end": {
          "line": 88,
          "column": 54
        }
      },
      "53": {
        "start": {
          "line": 89,
          "column": 16
        },
        "end": {
          "line": 89,
          "column": 46
        }
      },
      "54": {
        "start": {
          "line": 91,
          "column": 16
        },
        "end": {
          "line": 91,
          "column": 35
        }
      },
      "55": {
        "start": {
          "line": 92,
          "column": 16
        },
        "end": {
          "line": 92,
          "column": 46
        }
      },
      "56": {
        "start": {
          "line": 95,
          "column": 8
        },
        "end": {
          "line": 112,
          "column": 11
        }
      },
      "57": {
        "start": {
          "line": 96,
          "column": 12
        },
        "end": {
          "line": 96,
          "column": 39
        }
      },
      "58": {
        "start": {
          "line": 97,
          "column": 20
        },
        "end": {
          "line": 97,
          "column": 21
        }
      },
      "59": {
        "start": {
          "line": 98,
          "column": 20
        },
        "end": {
          "line": 98,
          "column": 24
        }
      },
      "60": {
        "start": {
          "line": 99,
          "column": 33
        },
        "end": {
          "line": 99,
          "column": 54
        }
      },
      "61": {
        "start": {
          "line": 100,
          "column": 12
        },
        "end": {
          "line": 100,
          "column": 60
        }
      },
      "62": {
        "start": {
          "line": 101,
          "column": 12
        },
        "end": {
          "line": 101,
          "column": 58
        }
      },
      "63": {
        "start": {
          "line": 102,
          "column": 12
        },
        "end": {
          "line": 111,
          "column": 13
        }
      },
      "64": {
        "start": {
          "line": 103,
          "column": 31
        },
        "end": {
          "line": 103,
          "column": 71
        }
      },
      "65": {
        "start": {
          "line": 104,
          "column": 16
        },
        "end": {
          "line": 108,
          "column": 17
        }
      },
      "66": {
        "start": {
          "line": 105,
          "column": 20
        },
        "end": {
          "line": 107,
          "column": 23
        }
      },
      "67": {
        "start": {
          "line": 106,
          "column": 24
        },
        "end": {
          "line": 106,
          "column": 83
        }
      },
      "68": {
        "start": {
          "line": 106,
          "column": 40
        },
        "end": {
          "line": 106,
          "column": 81
        }
      },
      "69": {
        "start": {
          "line": 110,
          "column": 16
        },
        "end": {
          "line": 110,
          "column": 35
        }
      },
      "70": {
        "start": {
          "line": 113,
          "column": 8
        },
        "end": {
          "line": 115,
          "column": 11
        }
      },
      "71": {
        "start": {
          "line": 114,
          "column": 12
        },
        "end": {
          "line": 114,
          "column": 41
        }
      },
      "72": {
        "start": {
          "line": 116,
          "column": 8
        },
        "end": {
          "line": 118,
          "column": 11
        }
      },
      "73": {
        "start": {
          "line": 117,
          "column": 12
        },
        "end": {
          "line": 117,
          "column": 66
        }
      },
      "74": {
        "start": {
          "line": 119,
          "column": 8
        },
        "end": {
          "line": 121,
          "column": 11
        }
      },
      "75": {
        "start": {
          "line": 120,
          "column": 12
        },
        "end": {
          "line": 120,
          "column": 46
        }
      },
      "76": {
        "start": {
          "line": 122,
          "column": 8
        },
        "end": {
          "line": 125,
          "column": 11
        }
      },
      "77": {
        "start": {
          "line": 123,
          "column": 12
        },
        "end": {
          "line": 123,
          "column": 73
        }
      },
      "78": {
        "start": {
          "line": 124,
          "column": 12
        },
        "end": {
          "line": 124,
          "column": 33
        }
      },
      "79": {
        "start": {
          "line": 126,
          "column": 8
        },
        "end": {
          "line": 128,
          "column": 11
        }
      },
      "80": {
        "start": {
          "line": 127,
          "column": 12
        },
        "end": {
          "line": 127,
          "column": 34
        }
      },
      "81": {
        "start": {
          "line": 129,
          "column": 8
        },
        "end": {
          "line": 149,
          "column": 11
        }
      },
      "82": {
        "start": {
          "line": 130,
          "column": 27
        },
        "end": {
          "line": 130,
          "column": 47
        }
      },
      "83": {
        "start": {
          "line": 131,
          "column": 12
        },
        "end": {
          "line": 148,
          "column": 13
        }
      },
      "84": {
        "start": {
          "line": 132,
          "column": 16
        },
        "end": {
          "line": 132,
          "column": 49
        }
      },
      "85": {
        "start": {
          "line": 133,
          "column": 16
        },
        "end": {
          "line": 133,
          "column": 32
        }
      },
      "86": {
        "start": {
          "line": 135,
          "column": 16
        },
        "end": {
          "line": 135,
          "column": 45
        }
      },
      "87": {
        "start": {
          "line": 136,
          "column": 16
        },
        "end": {
          "line": 147,
          "column": 17
        }
      },
      "88": {
        "start": {
          "line": 137,
          "column": 20
        },
        "end": {
          "line": 137,
          "column": 65
        }
      },
      "89": {
        "start": {
          "line": 138,
          "column": 20
        },
        "end": {
          "line": 138,
          "column": 47
        }
      },
      "90": {
        "start": {
          "line": 139,
          "column": 20
        },
        "end": {
          "line": 141,
          "column": 23
        }
      },
      "91": {
        "start": {
          "line": 140,
          "column": 24
        },
        "end": {
          "line": 140,
          "column": 57
        }
      },
      "92": {
        "start": {
          "line": 142,
          "column": 20
        },
        "end": {
          "line": 142,
          "column": 50
        }
      },
      "93": {
        "start": {
          "line": 143,
          "column": 20
        },
        "end": {
          "line": 143,
          "column": 36
        }
      },
      "94": {
        "start": {
          "line": 145,
          "column": 20
        },
        "end": {
          "line": 145,
          "column": 39
        }
      },
      "95": {
        "start": {
          "line": 146,
          "column": 20
        },
        "end": {
          "line": 146,
          "column": 50
        }
      },
      "96": {
        "start": {
          "line": 150,
          "column": 8
        },
        "end": {
          "line": 159,
          "column": 11
        }
      },
      "97": {
        "start": {
          "line": 151,
          "column": 25
        },
        "end": {
          "line": 151,
          "column": 45
        }
      },
      "98": {
        "start": {
          "line": 152,
          "column": 12
        },
        "end": {
          "line": 156,
          "column": 13
        }
      },
      "99": {
        "start": {
          "line": 153,
          "column": 16
        },
        "end": {
          "line": 153,
          "column": 93
        }
      },
      "100": {
        "start": {
          "line": 153,
          "column": 63
        },
        "end": {
          "line": 153,
          "column": 91
        }
      },
      "101": {
        "start": {
          "line": 154,
          "column": 16
        },
        "end": {
          "line": 154,
          "column": 76
        }
      },
      "102": {
        "start": {
          "line": 155,
          "column": 16
        },
        "end": {
          "line": 155,
          "column": 100
        }
      },
      "103": {
        "start": {
          "line": 155,
          "column": 61
        },
        "end": {
          "line": 155,
          "column": 98
        }
      },
      "104": {
        "start": {
          "line": 157,
          "column": 12
        },
        "end": {
          "line": 157,
          "column": 66
        }
      },
      "105": {
        "start": {
          "line": 158,
          "column": 12
        },
        "end": {
          "line": 158,
          "column": 61
        }
      },
      "106": {
        "start": {
          "line": 160,
          "column": 8
        },
        "end": {
          "line": 162,
          "column": 11
        }
      },
      "107": {
        "start": {
          "line": 161,
          "column": 12
        },
        "end": {
          "line": 161,
          "column": 49
        }
      },
      "108": {
        "start": {
          "line": 163,
          "column": 8
        },
        "end": {
          "line": 165,
[...]
          {
            "start": {},
            "end": {}
          }
        ],
        "line": 29
      },
      "2": {
        "loc": {
          "start": {
            "line": 63,
            "column": 8
          },
          "end": {
            "line": 69,
            "column": 9
          }
        },
        "type": "if",
        "locations": [
          {
            "start": {
              "line": 63,
              "column": 8
            },
            "end": {
              "line": 69,
              "column": 9
            }
          },
          {
            "start": {
              "line": 67,
              "column": 15
            },
            "end": {
              "line": 69,
              "column": 9
            }
          }
        ],
        "line": 63
      },
      "3": {
        "loc": {
          "start": {
            "line": 73,
            "column": 8
          },
          "end": {
            "line": 75,
            "column": 9
          }
        },
        "type": "if",
        "locations": [
          {
            "start": {
              "line": 73,
              "column": 8
            },
            "end": {
              "line": 75,
              "column": 9
            }
          },
          {
            "start": {},
            "end": {}
          }
        ],
        "line": 73
      },
      "4": {
        "loc": {
          "start": {
            "line": 80,
            "column": 8
          },
          "end": {
            "line": 80,
            "column": 44
          }
        },
        "type": "if",
        "locations": [
          {
            "start": {
              "line": 80,
              "column": 8
            },
            "end": {
              "line": 80,
              "column": 44
            }
          },
          {
            "start": {},
            "end": {}
          }
        ],
        "line": 80
      },
      "5": {
        "loc": {
          "start": {
            "line": 92,
            "column": 4
          },
          "end": {
            "line": 98,
            "column": 13
          }
        },
        "type": "if",
        "locations": [
          {
            "start": {
              "line": 92,
              "column": 4
            },
            "end": {
              "line": 98,
              "column": 13
            }
          },
          {
            "start": {},
            "end": {}
          }
        ],
        "line": 92
      },
      "6": {
        "loc": {
          "start": {
            "line": 99,
            "column": 4
          },
          "end": {
            "line": 105,
            "column": 13
          }
        },
        "type": "if",
        "locations": [
          {
            "start": {
              "line": 99,
              "column": 4
            },
            "end": {
              "line": 105,
              "column": 13
            }
          },
          {
            "start": {},
            "end": {}
          }
        ],
        "line": 99
      },
      "7": {
        "loc": {
          "start": {
            "line": 133,
            "column": 45
          },
          "end": {
            "line": 133,
            "column": 81
          }
        },
        "type": "binary-expr",
        "locations": [
          {
            "start": {
              "line": 133,
              "column": 45
            },
            "end": {
              "line": 133,
              "column": 59
            }
          },
          {
            "start": {
              "line": 133,
              "column": 63
            },
            "end": {
              "line": 133,
              "column": 81
            }
          }
        ],
        "line": 133
      },
      "8": {
        "loc": {
          "start": {
            "line": 139,
            "column": 36
          },
          "end": {
            "line": 162,
            "column": 44
          }
        },
        "type": "binary-expr",
        "locations": [
          {
            "start": {
              "line": 139,
              "column": 36
            },
            "end": {
              "line": 139,
              "column": 49
            }
          },
          {
            "start": {
              "line": 139,
              "column": 67
            },
            "end": {
              "line": 162,
              "column": 44
            }
          }
        ],
        "line": 139
      },
      "9": {
        "loc": {
          "start": {
            "line": 176,
            "column": 49
          },
          "end": {
            "line": 224,
            "column": 50
          }
        },
        "type": "cond-expr",
        "locations": [
          {
            "start": {
              "line": 176,
              "column": 91
            },
            "end": {
              "line": 218,
              "column": 50
            }
          },
          {
            "start": {
              "line": 218,
              "column": 67
            },
            "end": {
              "line": 224,
              "column": 50
            }
          }
        ],
        "line": 176
      },
      "10": {
        "loc": {
          "start": {
            "line": 176,
            "column": 49
          },
          "end": {
            "line": 176,
            "column": 74
          }
        },
        "type": "binary-expr",
        "locations": [
          {
            "start": {
              "line": 176,
              "column": 49
            },
            "end": {
              "line": 176,
              "column": 54
            }
          },
          {
            "start": {
              "line": 176,
              "column": 58
            },
            "end": {
              "line": 176,
              "column": 74
            }
          }
        ],
        "line": 176
      },
      "11": {
        "loc": {
          "start": {
            "line": 234,
            "column": 36
          },
          "end": {
            "line": 261,
            "column": 52
          }
        },
        "type": "cond-expr",
        "locations": [
          {
            "start": {
              "line": 234,
              "column": 61
            },
            "end": {
              "line": 240,
              "column": 44
            }
          },
          {
            "start": {
              "line": 240,
              "column": 61
            },
            "end": {
              "line": 261,
              "column": 52
            }
          }
        ],
        "line": 234
      },
      "12": {
        "loc": {
          "start": {
            "line": 271,
            "column": 36
          },
          "end": {
            "line": 281,
            "column": 44
          }
        },
        "type": "binary-expr",
        "locations": [
          {
            "start": {
              "line": 271,
              "column": 36
            },
            "end": {
              "line": 271,
              "column": 49
            }
          },
          {
            "start": {
              "line": 271,
              "column": 53
            },
            "end": {
              "line": 271,
              "column": 62
            }
          },
          {
            "start": {
              "line": 271,
              "column": 80
            },
            "end": {
              "line": 281,
              "column": 44
            }
          }
        ],
        "line": 271
      },
      "13": {
        "loc": {
          "start": {
            "line": 282,
            "column": 36
          },
          "end": {
            "line": 290,
            "column": 44
          }
        },
        "type": "binary-expr",
        "locations": [
          {
            "start": {
              "line": 282,
              "column": 36
            },
            "end": {
              "line": 282,
              "column": 49
            }
          },
          {
            "start": {
              "line": 282,
              "column": 53
            },
            "end": {
              "line": 282,
              "column": 61
            }
          },
          {
            "start": {
              "line": 282,
              "column": 79
            },
            "end": {
              "line": 290,
              "column": 44
            }
          }
        ],
        "line": 282
      },
      "14": {
        "loc": {
          "start": {
            "line": 345,
            "column": 4
          },
          "end": {
            "line": 345,
            "column": 29
          }
        },
        "type": "if",
        "locations": [
          {
            "start": {
              "line": 345,
              "column": 4
            },
            "end": {
              "line": 345,
              "column": 29
            }
          },
          {
            "start": {},
            "end": {}
          }
        ],
        "line": 345
      },
      "15": {
        "loc": {
          "start": {
            "line": 347,
            "column": 4
          },
          "end": {
            "line": 347,
            "column": 73
          }
        },
        "type": "if",
        "locations": [
          {
            "start": {
              "line": 347,
              "column": 4
            },
            "end": {
              "line": 347,
              "column": 73
            }
          },
          {
            "start": {},
            "end": {}
          }
        ],
        "line": 347
      }
    },
    "s": {
      "0": 3,
      "1": 0,
      "2": 3,
      "3": 3,
      "4": 3,
      "5": 3,
      "6": 3,
      "7": 0,
      "8": 0,
      "9": 0,
      "10": 0,
      "11": 0,
      "12": 0,
      "13": 0,
      "14": 0,
      "15": 0,
      "16": 0,
      "17": 0,
      "18": 0,
      "19": 0,
      "20": 0,
      "21": 0,
      "22": 0,
      "23": 0,
      "24": 0,
      "25": 0,
      "26": 0,
      "27": 0,
      "28": 0,
      "29": 0,
      "30": 0,
      "31": 0,
      "32": 0,
      "33": 0,
      "34": 0,
      "35": 0,
      "36": 0,
      "37": 0,
      "38": 0,
      "39": 0,
      "40": 0,
      "41": 0,
      "42": 0,
      "43": 0,
      "44": 0,
      "45": 0,
      "46": 3,
      "47": 3,
      "48": 3,
      "49": 3,
      "50": 3,
      "51": 3,
      "52": 3,
      "53": 0,
      "54": 0,
      "55": 0,
      "56": 0,
      "57": 0
    },
    "f": {
      "0": 0,
      "1": 0,
      "2": 0,
      "3": 0,
      "4": 0,
      "5": 0,
      "6": 0,
      "7": 0,
      "8": 0,
      "9": 0,
      "10": 0,
      "11": 0,
      "12": 0,
      "13": 0,
      "14": 0,
      "15": 3,
      "16": 0
    },
    "b": {
      "0": [
        0,
        3
      ],
      "1": [
        0,
        0
      ],
      "2": [
        0,
        0
      ],
      "3": [
        0,
        0
      ],
      "4": [
        0,
        0
      ],
      "5": [
        0,
        0
      ],
      "6": [
        0,
        0
      ],
      "7": [
        0,
        0
      ],
      "8": [
        0,
        0
      ],
      "9": [
        0,
        0
      ],
      "10": [
        0,
        0
      ],
      "11": [
        0,
        0
      ],
      "12": [
        0,
        0,
        0
      ],
      "13": [
        0,
        0,
        0
      ],
      "14": [
        0,
        0
      ],
      "15": [
        0,
        0
      ]
    },
    "inputSourceMap": {
      "version": 3,
      "sources": [
        "/Users/deannalepke/Desktop/COMP7082/ReadingRoom/client/src/pages/ProfilePage.tsx"
      ],
      "names": [
        "useEffect",
        "useState",
        "useParams",
        "Button",
        "Grid",
        "Header",
        "Icon",
        "Image",
        "Confirm",
        "useStore",
        "LoadingComponent",
        "observer",
        "PhotoWidgetDropzone",
        "EditProfileForm",
        "ProfileBookClubs",
        "ProfilePage",
        "open",
        "setOpen",
        "editMode",
        "setEditMode",
        "files",
        "setFiles",
        "username",
        "profileStore",
        "loadingProfile",
        "loadProfile",
        "profile",
        "uploadPhoto",
        "isCurrentUser",
        "uploading",
        "myCustomButton",
        "length",
        "positive",
        "className",
        "id",
        "onClick",
        "handleConfirm",
        "disabled",
        "handleEdit",
        "handlePhotoUpload",
        "file",
        "showConfirm",
        "forEach",
        "URL",
        "revokeObjectURL",
        "preview",
        "console",
        "log",
        "handleCancel",
        "content",
        "as",
        "style",
        "marginTop",
        "Row",
        "Column",
        "width",
        "position",
        "avatar",
        "size",
        "src",
        "image",
        "circular",
        "icon",
        "color",
        "left",
        "top",
        "transform",
        "name",
        "confirmButton",
        "onCancel",
        "onConfirm",
        "div",
        "textAlign",
        "centered",
        "height",
        "marginBottom",
        "objectFit",
        "displayName",
        "span",
        "whiteSpace",
        "bio"
      ],
      "mappings": ";;;;;;;;;;AAAA,SAASA,SAAS,EAAEC,QAAQ,QAAQ,QAAQ;AAC5C,SAASC,SAAS,QAAQ,mBAAmB;AAC7C,SAASC,MAAM,EAAEC,IAAI,EAAEC,MAAM,EAAEC,IAAI,EAAEC,KAAK,EAAEC,OAAO,QAAQ,oBAAoB;AAC/E,SAASC,QAAQ,QAAQ,kBAAkB;AAC3C,OAAOC,sBAAsB,iCAAiC;AAC9D,SAASC,QAAQ,QAAQ,kBAAkB;AAC3C,OAAOC,yBAAyB,oCAAoC;AACpE,OAAOC,qBAAqB,gCAAgC;AAC5D,OAAOC,sBAAsB,iCAAiC;AAE9D,qBAAeH,GAAAA,iBAAS,SAASI;;IAC/B,MAAM,CAACC,MAAMC,QAAQ,GAAGhB,SAAS;IACjC,MAAM,CAACiB,UAAUC,YAAY,GAAGlB,SAAS;IACzC,MAAM,CAACmB,OAAOC,SAAS,GAAGpB,SAAc,EAAE;IAC1C,MAAM,EAAEqB,QAAQ,EAAE,GAAGpB;IACrB,MAAM,EAAEqB,YAAY,EAAE,GAAGd;IACzB,MAAM,EACJe,cAAc,EACdC,WAAW,EACXC,OAAO,EACPC,WAAW,EACXC,aAAa,EACbC,SAAS,EACV,GAAGN;IAEJ,SAASO;QACP,IAAIV,MAAMW,MAAM,GAAG,GACjB,qBACE,QAAC5B;YACC6B,QAAQ;YACRC,WAAU;YACVC,IAAG;YACHC,SAASC;sBACV;;;;;;QAIL,qBACE,QAACjC;YACCkC,QAAQ;YACRL,QAAQ;YACRC,WAAU;YACVC,IAAG;YACHC,SAASC;sBACV;;;;;;IAIL;IAEA,SAASE;QACPnB,YAAY,CAACD;IACf;IAEA,SAASqB,kBAAkBC,IAAU;QACnCb,YAAYa;IACd;IAEA,SAASC;QACPxB,QAAQ;IACV;IAEA,SAASmB;QACP,IAAIhB,KAAK,CAAC,EAAE,EAAE;YACZmB,kBAAkBnB,KAAK,CAAC,EAAE;YAC1BA,MAAMsB,OAAO,CAAC,CAACF,OAAcG,IAAIC,eAAe,CAACJ,KAAKK,OAAO;YAC7DxB,SAAS,EAAE;QACb,OAAO;YACLyB,QAAQC,GAAG,CAAC;QACd;QACA9B,QAAQ;IACV;IAEA,SAAS+B;QACP,IAAI5B,MAAMW,MAAM,GAAG,GAAG;YACpBX,MAAMsB,OAAO,CAAC,CAACF,OAAcG,IAAIC,eAAe,CAACJ,KAAKK,OAAO;QAC/D;QACAxB,SAAS,EAAE;QACXJ,QAAQ;IACV;IAEAjB,UAAU;QACR,IAAIsB,UAAUG,YAAYH;IAC5B,GAAG;QAACG;QAAaH;KAAS;IAE1BtB,UAAU;QACR,OAAO;YACLoB,MAAMsB,OAAO,CAAC,CAACF,OAAcG,IAAIC,eAAe,CAACJ,KAAKK,OAAO;QAC/D;IACF,GAAG;QAACzB;KAAM;IAEV,IAAII,gBAAgB,qBAAO,QAACd;QAAiBuC,SAAQ;;;;;;IACrD,IAAIpB,WAAW,qBAAO,QAACnB;QAAiBuC,SAAQ;;;;;;IAEhD,qBACE;;0BACE,QAAC5C;gBAAO6C,IAAG;gBAAKjB,WAAU;0BAAW;;;;;;0BAGrC,QAAC7B;gBACC+C,OAAO;oBACLC,WAAW;gBACb;;kCAEA,QAAChD,KAAKiD,GAAG;;0CACP,QAACjD,KAAKkD,MAAM;gCAACC,OAAO;gCAAGJ,OAAO;oCAAEK,UAAU;gCAAW;;kDACnD,QAACjD;wCACCkD,MAAM;wCACNC,MAAK;wCACLC,KAAKjC,SAASkC,SAAS;;;;;;oCAExBhC,+BACC,QAACzB;wCACC0D,QAAQ;wCACRC,IAAI;wCACJC,OAAM;wCACNZ,OAAO;4CACLK,UAAU;4CACVQ,MAAM;4CACNC,KAAK;4CACLC,WAAW;wCACb;wCACAhC,IAAG;wCACHC,SAASM;kDAET,cAAA,QAACnC;4CAAK6D,MAAK;;;;;;;;;;;;;;;;;0CAIjB,QAAC/D,KAAKkD,MAAM;gCAACC,OAAO;;kDAClB,QAAC/C;wCACC4D,eAAetC;wCACfuC,UAAUrB;wCACVsB,WAAWlC;wCACXa,SACE7B,SAASA,MAAMW,MAAM,GAAG,kBACtB,QAACwC;4CAAIpB,OAAO;gDAAEqB,WAAW;4CAAS;;8DAChC,QAAC5D;oDAAoBS,UAAUA;;;;;;8DAC/B,QAAChB;oDAAO6C,IAAG;oDAAKC,OAAO;wDAAEC,WAAW;oDAAM;8DAAG;;;;;;8DAG7C,QAAC7C;oDACCkE,QAAQ;oDACRd,KAAKvC,KAAK,CAAC,EAAE,CAACyB,OAAO;oDACrBM,OAAO;wDACLI,OAAO;wDACPmB,QAAQ;wDACRC,cAAc;wDACdC,WAAW;oDACb;;;;;;;;;;;mEAIJ,QAAChE;4CAAoBS,UAAUA;;;;;;wCAGnCL,MAAMA;wCACNmC,OAAO;4CAAEC,WAAW;wCAAO;;;;;;oCAG5BlC,yBACC,QAACL;wCAAgBM,aAAaA;;;;;6DAE9B;;0DACE,QAACd;gDAAO6C,IAAG;0DAAMxB,SAASmD;;;;;;0DAC1B,QAACC;gDAAK3B,OAAO;oDAAE4B,YAAY;gDAAW;0DAAIrD,SAASsD;;;;;;;;;;;;;;0CAIzD,QAAC5E,KAAKkD,MAAM;gCAACC,OAAO;;oCACjB3B,iBAAiB,CAACV,0BACjB,QAACf;wCACC4D,OAAM;wCACNd,SAAQ;wCACRd,SAASG;wCACTL,WAAU;wCACVC,IAAG;;;;;;oCAINN,iBAAiBV,0BAChB,QAACf;wCAAO8C,SAAQ;wCAASd,SAASG;wCAAYJ,IAAG;;;;;;;;;;;;;;;;;;kCAIvD,QAAC9B,KAAKiD,GAAG;kCACP,cAAA,QAACvC;4BAAiBQ,UAAUI,SAASJ;;;;;;;;;;;;;;;;;;;AAK/C;;QAjLuBpB;QACIO;;;;QADJP;QACIO;;GAgLxB"
    },
    "_coverageSchema": "1a1c01bbd47fc00a2c39e90264f33305004495a9",
    "hash": "745fd9f50be592799d2e44eb26b3eb69ced9dc6c"
  },
  "/Users/deannalepke/Desktop/COMP7082/ReadingRoom/client/src/router/Routes.tsx": {
    "path": "/Users/deannalepke/Desktop/COMP7082/ReadingRoom/client/src/router/Routes.tsx",
    "statementMap": {
      "0": {
        "start": {
          "line": 11,
          "column": 22
        },
        "end": {
          "line": 98,
          "column": 1
        }
      },
      "1": {
        "start": {
          "line": 99,
          "column": 22
        },
        "end": {
          "line": 99,
          "column": 49
        }
      }
    },
    "fnMap": {},
    "branchMap": {},
    "s": {
      "0": 3,
      "1": 3
    },
    "f": {},
    "b": {},
    "inputSourceMap": {
      "version": 3,
      "sources": [
        "/Users/deannalepke/Desktop/COMP7082/ReadingRoom/client/src/router/Routes.tsx"
      ],
      "names": [
        "Navigate",
        "createBrowserRouter",
        "App",
        "BookClubDetails",
        "BookClubForm",
        "BookClubs",
        "TestErrors",
        "NotFound",
        "ServerError",
        "ProfilePage",
        "routes",
        "path",
        "element",
        "children",
        "index",
        "replace",
        "to",
        "router"
      ],
      "mappings": ";AAAA,SAASA,QAAQ,EAAeC,mBAAmB,QAAQ,mBAAmB;AAC9E,OAAOC,SAAS,SAAS;AACzB,OAAOC,qBAAqB,2BAA2B;AACvD,OAAOC,kBAAkB,wBAAwB;AACjD,OAAOC,eAAe,qBAAqB;AAC3C,OAAOC,gBAAgB,kCAAkC;AACzD,OAAOC,cAAc,oBAAoB;AACzC,OAAOC,iBAAiB,mCAAmC;AAC3D,OAAOC,iBAAiB,uBAAuB;AAE/C,OAAO,MAAMC,SAAwB;IACnC;QACEC,MAAM;QACNC,uBAAS,QAACV;;;;;QACVW,UAAU;YACR;gBAAEF,MAAM;gBAAcG,OAAO;gBAAMF,uBAAS,QAACP;;;;;YAAa;YAC1D;gBAAEM,MAAM;gBAAWC,uBAAS,QAACR,kBAAiB;;;;;YAAY;YAC1D;gBAAEO,MAAM;gBAAiBC,uBAAS,QAACT;;;;;YAAmB;YACtD;gBAAEQ,MAAM;gBAAaC,uBAAS,QAACR,kBAAiB;;;;;YAAU;YAC1D;gBAAEO,MAAM;gBAAuBC,uBAAS,QAACH;;;;;YAAe;YACxD;gBAAEE,MAAM;gBAAWC,uBAAS,QAACN;;;;;YAAc;YAC3C;gBAAEK,MAAM;gBAAcC,uBAAS,QAACL;;;;;YAAY;YAC5C;gBAAEI,MAAM;gBAAiBC,uBAAS,QAACJ;;;;;YAAe;YAClD;gBAAEG,MAAM;gBAAKC,uBAAS,QAACZ;oBAASe,OAAO;oBAACC,IAAG;;;;;;YAAgB;SAC5D;IACH;CACD,CAAC;AAEF,OAAO,MAAMC,SAAShB,oBAAoBS,QAAQ"
    },
    "_coverageSchema": "1a1c01bbd47fc00a2c39e90264f33305004495a9",
    "hash": "940e3f85f80166d0f45c329aadbf5f8dad14a687"
  },
  "/Users/deannalepke/Desktop/COMP7082/ReadingRoom/client/src/main.tsx": {
    "path": "/Users/deannalepke/Desktop/COMP7082/ReadingRoom/client/src/main.tsx",
    "statementMap": {
      "0": {
        "start": {
          "line": 10,
          "column": 0
        },
        "end": {
          "line": 23,
          "column": 10
        }
      }
    },
    "fnMap": {},
    "branchMap": {},
    "s": {
      "0": 3
    },
    "f": {},
    "b": {},
    "inputSourceMap": {
      "version": 3,
      "sources": [
        "/Users/deannalepke/Desktop/COMP7082/ReadingRoom/client/src/main.tsx"
      ],
      "names": [
        "ReactDOM",
        "RouterProvider",
        "router",
        "StoreContext",
        "store",
        "createRoot",
        "document",
        "getElementById",
        "render",
        "Provider",
        "value"
      ],
      "mappings": ";AAAA,OAAOA,cAAc,mBAAmB;AACxC,OAAO,mCAAmC;AAC1C,OAAO,oBAAoB;AAC3B,OAAO,4CAA4C;AACnD,OAAO,6CAA6C;AACpD,SAASC,cAAc,QAAQ,mBAAmB;AAClD,SAASC,MAAM,QAAQ,sBAAsB;AAC7C,SAASC,YAAY,EAAEC,KAAK,QAAQ,oBAAoB;AAExDJ,SAASK,UAAU,CAACC,SAASC,cAAc,CAAC,SAAUC,MAAM,eAC1D,QAACL,aAAaM,QAAQ;IAACC,OAAON;cAC5B,cAAA,QAACH;QAAeC,QAAQA"
    },
    "_coverageSchema": "1a1c01bbd47fc00a2c39e90264f33305004495a9",
    "hash": "56b2ad0e80d9fcff2634a3272bfc37b4aaaad65e"
  }
}