<?xml version="1.0" encoding="UTF-8"?>
<coverage generated="1710878496923" clover="3.2.0">
  <project timestamp="1710878496923" name="All files">
    <metrics statements="637" coveredstatements="205" conditionals="206" coveredconditionals="41" methods="210" coveredmethods="56" elements="1053" coveredelements="302" complexity="0" loc="637" ncloc="637" packages="10" files="37" classes="37"/>
    <package name="src">
      <metrics statements="8" coveredstatements="8" conditionals="6" coveredconditionals="5" methods="3" coveredmethods="3"/>
      <file name="App.tsx" path="/Users/deannalepke/Desktop/COMP7082/ReadingRoom/client/src/App.tsx">
        <metrics statements="8" coveredstatements="8" conditionals="6" coveredconditionals="5" methods="3" coveredmethods="3"/>
        <line num="11" count="3" type="stmt"/>
        <line num="12" count="9" type="stmt"/>
        <line num="13" count="9" type="stmt"/>
        <line num="15" count="9" type="stmt"/>
        <line num="16" count="9" type="cond" truecount="2" falsecount="0"/>
        <line num="17" count="3" type="stmt"/>
        <line num="19" count="6" type="stmt"/>
        <line num="26" count="6" type="cond" truecount="2" falsecount="1"/>
      </file>
    </package>
    <package name="src.components">
      <metrics statements="35" coveredstatements="6" conditionals="37" coveredconditionals="10" methods="24" coveredmethods="5"/>
      <file name="BookClubChat.tsx" path="/Users/deannalepke/Desktop/COMP7082/ReadingRoom/client/src/components/BookClubChat.tsx">
        <metrics statements="12" coveredstatements="0" conditionals="11" coveredconditionals="0" methods="6" coveredmethods="0"/>
        <line num="16" count="0" type="stmt"/>
        <line num="18" count="0" type="stmt"/>
        <line num="19" count="0" type="cond" truecount="0" falsecount="1"/>
        <line num="20" count="0" type="stmt"/>
        <line num="22" count="0" type="stmt"/>
        <line num="23" count="0" type="stmt"/>
        <line num="58" count="0" type="stmt"/>
        <line num="75" count="0" type="cond" truecount="0" falsecount="3"/>
        <line num="76" count="0" type="stmt"/>
        <line num="78" count="0" type="cond" truecount="0" falsecount="3"/>
        <line num="79" count="0" type="stmt"/>
        <line num="80" count="0" type="cond" truecount="0" falsecount="2"/>
      </file>
      <file name="BookClubList.tsx" path="/Users/deannalepke/Desktop/COMP7082/ReadingRoom/client/src/components/BookClubList.tsx">
        <metrics statements="1" coveredstatements="1" conditionals="7" coveredconditionals="6" methods="1" coveredmethods="1"/>
        <line num="20" count="3" type="stmt"/>
      </file>
      <file name="BookClubMemberList.tsx" path="/Users/deannalepke/Desktop/COMP7082/ReadingRoom/client/src/components/BookClubMemberList.tsx">
        <metrics statements="1" coveredstatements="0" conditionals="5" coveredconditionals="0" methods="1" coveredmethods="0"/>
        <line num="13" count="0" type="cond" truecount="0" falsecount="1"/>
      </file>
      <file name="EditProfileForm.tsx" path="/Users/deannalepke/Desktop/COMP7082/ReadingRoom/client/src/components/EditProfileForm.tsx">
        <metrics statements="3" coveredstatements="0" conditionals="2" coveredconditionals="0" methods="3" coveredmethods="0"/>
        <line num="14" count="0" type="stmt"/>
        <line num="19" count="0" type="stmt"/>
        <line num="20" count="0" type="stmt"/>
      </file>
      <file name="LoadingComponent.tsx" path="/Users/deannalepke/Desktop/COMP7082/ReadingRoom/client/src/components/LoadingComponent.tsx">
        <metrics statements="1" coveredstatements="1" conditionals="2" coveredconditionals="2" methods="1" coveredmethods="1"/>
        <line num="8" count="3" type="stmt"/>
      </file>
      <file name="LoginForm.tsx" path="/Users/deannalepke/Desktop/COMP7082/ReadingRoom/client/src/components/LoginForm.tsx">
        <metrics statements="3" coveredstatements="2" conditionals="0" coveredconditionals="0" methods="3" coveredmethods="2"/>
        <line num="8" count="3" type="stmt"/>
        <line num="17" count="3" type="stmt"/>
        <line num="19" count="0" type="stmt"/>
      </file>
      <file name="NavBar.tsx" path="/Users/deannalepke/Desktop/COMP7082/ReadingRoom/client/src/components/NavBar.tsx">
        <metrics statements="1" coveredstatements="1" conditionals="2" coveredconditionals="2" methods="1" coveredmethods="1"/>
        <line num="9" count="6" type="stmt"/>
      </file>
      <file name="PhotoWidgetDropzone.tsx" path="/Users/deannalepke/Desktop/COMP7082/ReadingRoom/client/src/components/PhotoWidgetDropzone.tsx">
        <metrics statements="7" coveredstatements="1" conditionals="2" coveredconditionals="0" methods="3" coveredmethods="0"/>
        <line num="10" count="3" type="stmt"/>
        <line num="11" count="0" type="stmt"/>
        <line num="26" count="0" type="stmt"/>
        <line num="30" count="0" type="stmt"/>
        <line num="32" count="0" type="stmt"/>
        <line num="34" count="0" type="stmt"/>
        <line num="42" count="0" type="stmt"/>
      </file>
      <file name="ProfileBookClubs.tsx" path="/Users/deannalepke/Desktop/COMP7082/ReadingRoom/client/src/components/ProfileBookClubs.tsx">
        <metrics statements="4" coveredstatements="0" conditionals="3" coveredconditionals="0" methods="2" coveredmethods="0"/>
        <line num="13" count="0" type="stmt"/>
        <line num="14" count="0" type="stmt"/>
        <line num="16" count="0" type="stmt"/>
        <line num="17" count="0" type="cond" truecount="0" falsecount="1"/>
      </file>
      <file name="RegisterForm.tsx" path="/Users/deannalepke/Desktop/COMP7082/ReadingRoom/client/src/components/RegisterForm.tsx">
        <metrics statements="2" coveredstatements="0" conditionals="3" coveredconditionals="0" methods="3" coveredmethods="0"/>
        <line num="10" count="0" type="stmt"/>
        <line num="21" count="0" type="stmt"/>
      </file>
    </package>
    <package name="src.components.errors">
      <metrics statements="16" coveredstatements="2" conditionals="3" coveredconditionals="0" methods="15" coveredmethods="0"/>
      <file name="ServerError.tsx" path="/Users/deannalepke/Desktop/COMP7082/ReadingRoom/client/src/components/errors/ServerError.tsx">
        <metrics statements="1" coveredstatements="0" conditionals="1" coveredconditionals="0" methods="1" coveredmethods="0"/>
        <line num="6" count="0" type="stmt"/>
      </file>
      <file name="TestErrors.tsx" path="/Users/deannalepke/Desktop/COMP7082/ReadingRoom/client/src/components/errors/TestErrors.tsx">
        <metrics statements="14" coveredstatements="1" conditionals="1" coveredconditionals="0" methods="13" coveredmethods="0"/>
        <line num="9" count="6" type="stmt"/>
        <line num="10" count="0" type="stmt"/>
        <line num="11" count="0" type="stmt"/>
        <line num="14" count="0" type="stmt"/>
        <line num="16" count="0" type="stmt"/>
        <line num="20" count="0" type="stmt"/>
        <line num="22" count="0" type="stmt"/>
        <line num="26" count="0" type="stmt"/>
        <line num="28" count="0" type="stmt"/>
        <line num="32" count="0" type="stmt"/>
        <line num="34" count="0" type="stmt"/>
        <line num="38" count="0" type="stmt"/>
        <line num="40" count="0" type="stmt"/>
        <line num="44" count="0" type="stmt"/>
      </file>
      <file name="ValidationError.tsx" path="/Users/deannalepke/Desktop/COMP7082/ReadingRoom/client/src/components/errors/ValidationError.tsx">
        <metrics statements="1" coveredstatements="1" conditionals="1" coveredconditionals="0" methods="1" coveredmethods="0"/>
        <line num="7" count="3" type="stmt"/>
      </file>
    </package>
    <package name="src.components.form">
      <metrics statements="11" coveredstatements="5" conditionals="29" coveredconditionals="5" methods="7" coveredmethods="1"/>
      <file name="CustomDateInput.tsx" path="/Users/deannalepke/Desktop/COMP7082/ReadingRoom/client/src/components/form/CustomDateInput.tsx">
        <metrics statements="3" coveredstatements="1" conditionals="9" coveredconditionals="0" methods="2" coveredmethods="0"/>
        <line num="5" count="3" type="stmt"/>
        <line num="6" count="0" type="stmt"/>
        <line num="13" count="0" type="stmt"/>
      </file>
      <file name="CustomSelectInput.tsx" path="/Users/deannalepke/Desktop/COMP7082/ReadingRoom/client/src/components/form/CustomSelectInput.tsx">
        <metrics statements="4" coveredstatements="1" conditionals="8" coveredconditionals="0" methods="3" coveredmethods="0"/>
        <line num="12" count="3" type="stmt"/>
        <line num="13" count="0" type="stmt"/>
        <line num="21" count="0" type="stmt"/>
        <line num="22" count="0" type="stmt"/>
      </file>
      <file name="CustomTextArea.tsx" path="/Users/deannalepke/Desktop/COMP7082/ReadingRoom/client/src/components/form/CustomTextArea.tsx">
        <metrics statements="2" coveredstatements="1" conditionals="6" coveredconditionals="0" methods="1" coveredmethods="0"/>
        <line num="13" count="3" type="stmt"/>
        <line num="14" count="0" type="stmt"/>
      </file>
      <file name="CustomTextInput.tsx" path="/Users/deannalepke/Desktop/COMP7082/ReadingRoom/client/src/components/form/CustomTextInput.tsx">
        <metrics statements="2" coveredstatements="2" conditionals="6" coveredconditionals="5" methods="1" coveredmethods="1"/>
        <line num="14" count="3" type="stmt"/>
        <line num="15" count="306" type="stmt"/>
      </file>
    </package>
    <package name="src.models">
      <metrics statements="61" coveredstatements="8" conditionals="3" coveredconditionals="2" methods="5" coveredmethods="2"/>
      <file name="bookclub.ts" path="/Users/deannalepke/Desktop/COMP7082/ReadingRoom/client/src/models/bookclub.ts">
        <metrics statements="46" coveredstatements="0" conditionals="1" coveredconditionals="0" methods="2" coveredmethods="0"/>
        <line num="23" count="0" type="stmt"/>
        <line num="24" count="0" type="stmt"/>
        <line num="25" count="0" type="stmt"/>
        <line num="26" count="0" type="stmt"/>
        <line num="27" count="0" type="stmt"/>
        <line num="28" count="0" type="stmt"/>
        <line num="29" count="0" type="stmt"/>
        <line num="30" count="0" type="stmt"/>
        <line num="31" count="0" type="stmt"/>
        <line num="32" count="0" type="stmt"/>
        <line num="35" count="0" type="stmt"/>
        <line num="36" count="0" type="stmt"/>
        <line num="37" count="0" type="stmt"/>
        <line num="38" count="0" type="stmt"/>
        <line num="39" count="0" type="stmt"/>
        <line num="40" count="0" type="stmt"/>
        <line num="41" count="0" type="stmt"/>
        <line num="42" count="0" type="stmt"/>
        <line num="43" count="0" type="stmt"/>
        <line num="44" count="0" type="stmt"/>
        <line num="45" count="0" type="stmt"/>
        <line num="46" count="0" type="stmt"/>
        <line num="47" count="0" type="stmt"/>
        <line num="48" count="0" type="stmt"/>
        <line num="49" count="0" type="stmt"/>
        <line num="53" count="0" type="stmt"/>
        <line num="54" count="0" type="stmt"/>
        <line num="55" count="0" type="stmt"/>
        <line num="56" count="0" type="stmt"/>
        <line num="57" count="0" type="stmt"/>
        <line num="58" count="0" type="stmt"/>
        <line num="59" count="0" type="stmt"/>
        <line num="60" count="0" type="stmt"/>
        <line num="61" count="0" type="stmt"/>
        <line num="62" count="0" type="stmt"/>
        <line num="65" count="0" type="cond" truecount="0" falsecount="1"/>
        <line num="66" count="0" type="stmt"/>
        <line num="67" count="0" type="stmt"/>
        <line num="68" count="0" type="stmt"/>
        <line num="69" count="0" type="stmt"/>
        <line num="70" count="0" type="stmt"/>
        <line num="71" count="0" type="stmt"/>
        <line num="72" count="0" type="stmt"/>
        <line num="73" count="0" type="stmt"/>
        <line num="74" count="0" type="stmt"/>
        <line num="75" count="0" type="stmt"/>
      </file>
      <file name="pagination.ts" path="/Users/deannalepke/Desktop/COMP7082/ReadingRoom/client/src/models/pagination.ts">
        <metrics statements="8" coveredstatements="8" conditionals="2" coveredconditionals="2" methods="2" coveredmethods="2"/>
        <line num="9" count="10" type="stmt"/>
        <line num="10" count="10" type="stmt"/>
        <line num="13" count="10" type="stmt"/>
        <line num="14" count="10" type="stmt"/>
        <line num="19" count="10" type="stmt"/>
        <line num="20" count="10" type="stmt"/>
        <line num="23" count="10" type="stmt"/>
        <line num="24" count="10" type="stmt"/>
      </file>
      <file name="profile.ts" path="/Users/deannalepke/Desktop/COMP7082/ReadingRoom/client/src/models/profile.ts">
        <metrics statements="7" coveredstatements="0" conditionals="0" coveredconditionals="0" methods="1" coveredmethods="0"/>
        <line num="12" count="0" type="stmt"/>
        <line num="13" count="0" type="stmt"/>
        <line num="14" count="0" type="stmt"/>
        <line num="17" count="0" type="stmt"/>
        <line num="18" count="0" type="stmt"/>
        <line num="19" count="0" type="stmt"/>
        <line num="20" count="0" type="stmt"/>
      </file>
    </package>
    <package name="src.options">
      <metrics statements="2" coveredstatements="2" conditionals="0" coveredconditionals="0" methods="0" coveredmethods="0"/>
      <file name="CategoryOptions.ts" path="/Users/deannalepke/Desktop/COMP7082/ReadingRoom/client/src/options/CategoryOptions.ts">
        <metrics statements="1" coveredstatements="1" conditionals="0" coveredconditionals="0" methods="0" coveredmethods="0"/>
        <line num="1" count="3" type="stmt"/>
      </file>
      <file name="ReadingPaceOptions.ts" path="/Users/deannalepke/Desktop/COMP7082/ReadingRoom/client/src/options/ReadingPaceOptions.ts">
        <metrics statements="1" coveredstatements="1" conditionals="0" coveredconditionals="0" methods="0" coveredmethods="0"/>
        <line num="1" count="3" type="stmt"/>
      </file>
    </package>
    <package name="src.pages">
      <metrics statements="121" coveredstatements="16" conditionals="78" coveredconditionals="6" methods="40" coveredmethods="5"/>
      <file name="BookClubDetails.tsx" path="/Users/deannalepke/Desktop/COMP7082/ReadingRoom/client/src/pages/BookClubDetails.tsx">
        <metrics statements="10" coveredstatements="0" conditionals="16" coveredconditionals="0" methods="4" coveredmethods="0"/>
        <line num="23" count="0" type="stmt"/>
        <line num="24" count="0" type="stmt"/>
        <line num="33" count="0" type="stmt"/>
        <line num="34" count="0" type="stmt"/>
        <line num="36" count="0" type="stmt"/>
        <line num="37" count="0" type="cond" truecount="0" falsecount="1"/>
        <line num="38" count="0" type="stmt"/>
        <line num="42" count="0" type="cond" truecount="0" falsecount="1"/>
        <line num="43" count="0" type="stmt"/>
        <line num="44" count="0" type="stmt"/>
      </file>
      <file name="BookClubForm.tsx" path="/Users/deannalepke/Desktop/COMP7082/ReadingRoom/client/src/pages/BookClubForm.tsx">
        <metrics statements="65" coveredstatements="0" conditionals="40" coveredconditionals="0" methods="13" coveredmethods="0"/>
        <line num="29" count="0" type="stmt"/>
        <line num="41" count="0" type="stmt"/>
        <line num="42" count="0" type="stmt"/>
        <line num="43" count="0" type="stmt"/>
        <line num="45" count="0" type="stmt"/>
        <line num="48" count="0" type="stmt"/>
        <line num="49" count="0" type="stmt"/>
        <line num="50" count="0" type="stmt"/>
        <line num="52" count="0" type="stmt"/>
        <line num="54" count="0" type="stmt"/>
        <line num="55" count="0" type="stmt"/>
        <line num="58" count="0" type="cond" truecount="0" falsecount="1"/>
        <line num="59" count="0" type="stmt"/>
        <line num="61" count="0" type="cond" truecount="0" falsecount="3"/>
        <line num="62" count="0" type="stmt"/>
        <line num="63" count="0" type="stmt"/>
        <line num="64" count="0" type="stmt"/>
        <line num="65" count="0" type="stmt"/>
        <line num="66" count="0" type="cond" truecount="0" falsecount="1"/>
        <line num="67" count="0" type="stmt"/>
        <line num="69" count="0" type="stmt"/>
        <line num="74" count="0" type="stmt"/>
        <line num="75" count="0" type="stmt"/>
        <line num="76" count="0" type="cond" truecount="0" falsecount="1"/>
        <line num="77" count="0" type="stmt"/>
        <line num="78" count="0" type="stmt"/>
        <line num="79" count="0" type="cond" truecount="0" falsecount="1"/>
        <line num="80" count="0" type="stmt"/>
        <line num="84" count="0" type="stmt"/>
        <line num="85" count="0" type="stmt"/>
        <line num="86" count="0" type="cond" truecount="0" falsecount="1"/>
        <line num="87" count="0" type="stmt"/>
        <line num="88" count="0" type="cond" truecount="0" falsecount="1"/>
        <line num="90" count="0" type="stmt"/>
        <line num="91" count="0" type="stmt"/>
        <line num="94" count="0" type="cond" truecount="0" falsecount="1"/>
        <line num="95" count="0" type="stmt"/>
        <line num="97" count="0" type="stmt"/>
        <line num="100" count="0" type="cond" truecount="0" falsecount="1"/>
        <line num="101" count="0" type="stmt"/>
        <line num="103" count="0" type="stmt"/>
        <line num="104" count="0" type="stmt"/>
        <line num="105" count="0" type="cond" truecount="0" falsecount="1"/>
        <line num="106" count="0" type="stmt"/>
        <line num="110" count="0" type="stmt"/>
        <line num="114" count="0" type="cond" truecount="0" falsecount="1"/>
        <line num="115" count="0" type="stmt"/>
        <line num="116" count="0" type="stmt"/>
        <line num="119" count="0" type="cond" truecount="0" falsecount="2"/>
        <line num="120" count="0" type="cond" truecount="0" falsecount="4"/>
        <line num="124" count="0" type="cond" truecount="0" falsecount="2"/>
        <line num="138" count="0" type="stmt"/>
        <line num="139" count="0" type="stmt"/>
        <line num="140" count="0" type="stmt"/>
        <line num="141" count="0" type="cond" truecount="0" falsecount="1"/>
        <line num="142" count="0" type="stmt"/>
        <line num="143" count="0" type="stmt"/>
        <line num="144" count="0" type="stmt"/>
        <line num="150" count="0" type="cond" truecount="0" falsecount="1"/>
        <line num="151" count="0" type="cond" truecount="0" falsecount="2"/>
        <line num="152" count="0" type="stmt"/>
        <line num="153" count="0" type="stmt"/>
        <line num="155" count="0" type="stmt"/>
        <line num="160" count="0" type="stmt"/>
        <line num="182" count="0" type="stmt"/>
      </file>
      <file name="BookClubs.tsx" path="/Users/deannalepke/Desktop/COMP7082/ReadingRoom/client/src/pages/BookClubs.tsx">
        <metrics statements="15" coveredstatements="11" conditionals="5" coveredconditionals="5" methods="6" coveredmethods="4"/>
        <line num="17" count="3" type="stmt"/>
        <line num="18" count="20" type="stmt"/>
        <line num="26" count="20" type="stmt"/>
        <line num="27" count="20" type="stmt"/>
        <line num="30" count="0" type="stmt"/>
        <line num="31" count="0" type="stmt"/>
        <line num="32" count="0" type="stmt"/>
        <line num="36" count="0" type="stmt"/>
        <line num="43" count="2" type="stmt"/>
        <line num="44" count="2" type="stmt"/>
        <line num="51" count="2" type="stmt"/>
        <line num="52" count="2" type="stmt"/>
        <line num="55" count="20" type="stmt"/>
        <line num="56" count="3" type="stmt"/>
        <line num="57" count="3" type="stmt"/>
      </file>
      <file name="HomePage.tsx" path="/Users/deannalepke/Desktop/COMP7082/ReadingRoom/client/src/pages/HomePage.tsx">
        <metrics statements="6" coveredstatements="4" conditionals="2" coveredconditionals="1" methods="3" coveredmethods="1"/>
        <line num="16" count="3" type="stmt"/>
        <line num="17" count="3" type="stmt"/>
        <line num="18" count="3" type="stmt"/>
        <line num="19" count="3" type="stmt"/>
        <line num="22" count="0" type="stmt"/>
        <line num="23" count="0" type="stmt"/>
      </file>
      <file name="NotFound.tsx" path="/Users/deannalepke/Desktop/COMP7082/ReadingRoom/client/src/pages/NotFound.tsx">
        <metrics statements="1" coveredstatements="1" conditionals="0" coveredconditionals="0" methods="1" coveredmethods="0"/>
        <line num="4" count="3" type="stmt"/>
      </file>
      <file name="ProfilePage.tsx" path="/Users/deannalepke/Desktop/COMP7082/ReadingRoom/client/src/pages/ProfilePage.tsx">
        <metrics statements="24" coveredstatements="0" conditionals="15" coveredconditionals="0" methods="13" coveredmethods="0"/>
        <line num="12" count="0" type="stmt"/>
        <line num="13" count="0" type="stmt"/>
        <line num="14" count="0" type="stmt"/>
        <line num="15" count="0" type="stmt"/>
        <line num="16" count="0" type="stmt"/>
        <line num="24" count="0" type="stmt"/>
        <line num="52" count="0" type="stmt"/>
        <line num="56" count="0" type="stmt"/>
        <line num="60" count="0" type="stmt"/>
        <line num="64" count="0" type="cond" truecount="0" falsecount="2"/>
        <line num="65" count="0" type="stmt"/>
        <line num="66" count="0" type="stmt"/>
        <line num="67" count="0" type="stmt"/>
        <line num="69" count="0" type="stmt"/>
        <line num="71" count="0" type="stmt"/>
        <line num="75" count="0" type="cond" truecount="0" falsecount="1"/>
        <line num="76" count="0" type="stmt"/>
        <line num="78" count="0" type="stmt"/>
        <line num="79" count="0" type="stmt"/>
        <line num="82" count="0" type="stmt"/>
        <line num="83" count="0" type="cond" truecount="0" falsecount="1"/>
        <line num="86" count="0" type="stmt"/>
        <line num="87" count="0" type="stmt"/>
        <line num="88" count="0" type="stmt"/>
      </file>
    </package>
    <package name="src.router">
      <metrics statements="2" coveredstatements="2" conditionals="0" coveredconditionals="0" methods="0" coveredmethods="0"/>
      <file name="Routes.tsx" path="/Users/deannalepke/Desktop/COMP7082/ReadingRoom/client/src/router/Routes.tsx">
        <metrics statements="2" coveredstatements="2" conditionals="0" coveredconditionals="0" methods="0" coveredmethods="0"/>
        <line num="11" count="3" type="stmt"/>
        <line num="29" count="3" type="stmt"/>
      </file>
    </package>
    <package name="src.stores">
      <metrics statements="315" coveredstatements="130" conditionals="35" coveredconditionals="9" methods="91" coveredmethods="30"/>
      <file name="bookClubStore.ts" path="/Users/deannalepke/Desktop/COMP7082/ReadingRoom/client/src/stores/bookClubStore.ts">
        <metrics statements="187" coveredstatements="78" conditionals="21" coveredconditionals="7" methods="46" coveredmethods="16"/>
        <line num="10" count="3" type="stmt"/>
        <line num="11" count="3" type="stmt"/>
        <line num="12" count="3" type="stmt"/>
        <line num="13" count="3" type="stmt"/>
        <line num="14" count="3" type="stmt"/>
        <line num="15" count="3" type="stmt"/>
        <line num="16" count="3" type="stmt"/>
        <line num="17" count="3" type="stmt"/>
        <line num="18" count="3" type="stmt"/>
        <line num="19" count="3" type="stmt"/>
        <line num="20" count="3" type="stmt"/>
        <line num="23" count="3" type="stmt"/>
        <line num="25" count="3" type="stmt"/>
        <line num="26" count="10" type="stmt"/>
        <line num="28" count="7" type="stmt"/>
        <line num="29" count="7" type="stmt"/>
        <line num="30" count="7" type="stmt"/>
        <line num="35" count="3" type="stmt"/>
        <line num="36" count="0" type="stmt"/>
        <line num="39" count="3" type="stmt"/>
        <line num="40" count="7" type="stmt"/>
        <line num="41" count="3" type="stmt"/>
        <line num="42" count="3" type="stmt"/>
        <line num="45" count="7" type="cond" truecount="3" falsecount="2"/>
        <line num="47" count="3" type="stmt"/>
        <line num="48" count="3" type="stmt"/>
        <line num="49" count="3" type="stmt"/>
        <line num="51" count="0" type="stmt"/>
        <line num="52" count="0" type="stmt"/>
        <line num="53" count="0" type="stmt"/>
        <line num="55" count="0" type="stmt"/>
        <line num="56" count="0" type="stmt"/>
        <line num="57" count="0" type="stmt"/>
        <line num="59" count="2" type="stmt"/>
        <line num="60" count="2" type="stmt"/>
        <line num="61" count="2" type="stmt"/>
        <line num="63" count="2" type="stmt"/>
        <line num="64" count="2" type="stmt"/>
        <line num="65" count="2" type="stmt"/>
        <line num="70" count="10" type="stmt"/>
        <line num="71" count="10" type="stmt"/>
        <line num="72" count="10" type="stmt"/>
        <line num="73" count="10" type="stmt"/>
        <line num="74" count="15" type="stmt"/>
        <line num="76" count="10" type="stmt"/>
        <line num="80" count="24" type="stmt"/>
        <line num="83" count="3" type="stmt"/>
        <line num="84" count="10" type="stmt"/>
        <line num="85" count="10" type="stmt"/>
        <line num="86" count="10" type="stmt"/>
        <line num="87" count="10" type="stmt"/>
        <line num="88" count="10" type="cond" truecount="3" falsecount="0"/>
        <line num="89" count="10" type="stmt"/>
        <line num="90" count="36" type="stmt"/>
        <line num="93" count="10" type="stmt"/>
        <line num="94" count="10" type="stmt"/>
        <line num="96" count="0" type="stmt"/>
        <line num="97" count="0" type="stmt"/>
        <line num="101" count="3" type="stmt"/>
        <line num="102" count="0" type="stmt"/>
        <line num="103" count="0" type="stmt"/>
        <line num="104" count="0" type="stmt"/>
        <line num="105" count="0" type="stmt"/>
        <line num="106" count="0" type="stmt"/>
        <line num="107" count="0" type="stmt"/>
        <line num="108" count="0" type="stmt"/>
        <line num="109" count="0" type="stmt"/>
        <line num="110" count="0" type="cond" truecount="0" falsecount="1"/>
        <line num="111" count="0" type="stmt"/>
        <line num="112" count="0" type="stmt"/>
        <line num="116" count="0" type="stmt"/>
        <line num="120" count="3" type="stmt"/>
        <line num="121" count="10" type="stmt"/>
        <line num="124" count="3" type="stmt"/>
        <line num="125" count="0" type="stmt"/>
        <line num="128" count="3" type="stmt"/>
        <line num="129" count="0" type="stmt"/>
        <line num="132" count="3" type="stmt"/>
        <line num="133" count="0" type="cond" truecount="0" falsecount="2"/>
        <line num="134" count="0" type="stmt"/>
        <line num="137" count="3" type="stmt"/>
        <line num="138" count="0" type="stmt"/>
        <line num="141" count="3" type="stmt"/>
        <line num="142" count="0" type="stmt"/>
        <line num="143" count="0" type="cond" truecount="0" falsecount="2"/>
        <line num="144" count="0" type="stmt"/>
        <line num="145" count="0" type="stmt"/>
        <line num="147" count="0" type="stmt"/>
        <line num="148" count="0" type="stmt"/>
        <line num="149" count="0" type="stmt"/>
        <line num="150" count="0" type="stmt"/>
        <line num="151" count="0" type="stmt"/>
        <line num="152" count="0" type="stmt"/>
        <line num="154" count="0" type="stmt"/>
        <line num="155" count="0" type="stmt"/>
        <line num="157" count="0" type="stmt"/>
        <line num="158" count="0" type="stmt"/>
        <line num="163" count="3" type="stmt"/>
        <line num="164" count="36" type="stmt"/>
        <line num="165" count="36" type="cond" truecount="1" falsecount="0"/>
        <line num="166" count="36" type="stmt"/>
        <line num="167" count="90" type="stmt"/>
        <line num="169" count="36" type="stmt"/>
        <line num="170" count="36" type="stmt"/>
        <line num="171" count="58" type="stmt"/>
        <line num="174" count="36" type="stmt"/>
        <line num="175" count="36" type="stmt"/>
        <line num="178" count="3" type="stmt"/>
        <line num="179" count="0" type="stmt"/>
        <line num="182" count="3" type="stmt"/>
        <line num="183" count="20" type="stmt"/>
        <line num="186" count="3" type="stmt"/>
        <line num="187" count="0" type="stmt"/>
        <line num="188" count="0" type="stmt"/>
        <line num="189" count="0" type="stmt"/>
        <line num="190" count="0" type="stmt"/>
        <line num="191" count="0" type="stmt"/>
        <line num="192" count="0" type="stmt"/>
        <line num="193" count="0" type="stmt"/>
        <line num="194" count="0" type="stmt"/>
        <line num="195" count="0" type="stmt"/>
        <line num="196" count="0" type="stmt"/>
        <line num="197" count="0" type="stmt"/>
        <line num="200" count="0" type="stmt"/>
        <line num="204" count="3" type="stmt"/>
        <line num="205" count="0" type="stmt"/>
        <line num="206" count="0" type="stmt"/>
        <line num="207" count="0" type="stmt"/>
        <line num="208" count="0" type="cond" truecount="0" falsecount="1"/>
        <line num="209" count="0" type="stmt"/>
        <line num="213" count="0" type="stmt"/>
        <line num="214" count="0" type="stmt"/>
        <line num="218" count="0" type="stmt"/>
        <line num="222" count="3" type="stmt"/>
        <line num="223" count="0" type="stmt"/>
        <line num="224" count="0" type="stmt"/>
        <line num="225" count="0" type="stmt"/>
        <line num="226" count="0" type="stmt"/>
        <line num="227" count="0" type="cond" truecount="0" falsecount="1"/>
        <line num="228" count="0" type="stmt"/>
        <line num="229" count="0" type="cond" truecount="0" falsecount="1"/>
        <line num="231" count="0" type="stmt"/>
        <line num="232" count="0" type="stmt"/>
        <line num="233" count="0" type="stmt"/>
        <line num="234" count="0" type="stmt"/>
        <line num="237" count="0" type="stmt"/>
        <line num="238" count="0" type="stmt"/>
        <line num="239" count="0" type="stmt"/>
        <line num="244" count="3" type="stmt"/>
        <line num="245" count="0" type="stmt"/>
        <line num="246" count="0" type="stmt"/>
        <line num="247" count="0" type="stmt"/>
        <line num="248" count="0" type="stmt"/>
        <line num="249" count="0" type="stmt"/>
        <line num="250" count="0" type="cond" truecount="0" falsecount="2"/>
        <line num="251" count="0" type="stmt"/>
        <line num="252" count="0" type="stmt"/>
        <line num="254" count="0" type="stmt"/>
        <line num="256" count="0" type="stmt"/>
        <line num="257" count="0" type="stmt"/>
        <line num="258" count="0" type="stmt"/>
        <line num="260" count="0" type="stmt"/>
        <line num="266" count="0" type="stmt"/>
        <line num="268" count="0" type="stmt"/>
        <line num="272" count="3" type="stmt"/>
        <line num="273" count="0" type="stmt"/>
        <line num="276" count="3" type="stmt"/>
        <line num="277" count="0" type="stmt"/>
        <line num="278" count="0" type="stmt"/>
        <line num="279" count="0" type="stmt"/>
        <line num="280" count="0" type="stmt"/>
        <line num="281" count="0" type="stmt"/>
        <line num="283" count="0" type="stmt"/>
        <line num="284" count="0" type="stmt"/>
        <line num="288" count="3" type="stmt"/>
        <line num="289" count="0" type="stmt"/>
        <line num="290" count="0" type="stmt"/>
        <line num="291" count="0" type="cond" truecount="0" falsecount="2"/>
        <line num="294" count="3" type="stmt"/>
        <line num="295" count="0" type="stmt"/>
        <line num="296" count="0" type="stmt"/>
        <line num="297" count="0" type="stmt"/>
        <line num="298" count="0" type="stmt"/>
        <line num="299" count="0" type="stmt"/>
        <line num="302" count="0" type="stmt"/>
        <line num="303" count="0" type="stmt"/>
        <line num="304" count="0" type="stmt"/>
      </file>
      <file name="commentStore.ts" path="/Users/deannalepke/Desktop/COMP7082/ReadingRoom/client/src/stores/commentStore.ts">
        <metrics statements="29" coveredstatements="7" conditionals="1" coveredconditionals="0" methods="13" coveredmethods="1"/>
        <line num="11" count="3" type="stmt"/>
        <line num="12" count="3" type="stmt"/>
        <line num="15" count="3" type="stmt"/>
        <line num="18" count="3" type="stmt"/>
        <line num="19" count="0" type="cond" truecount="0" falsecount="1"/>
        <line num="20" count="0" type="stmt"/>
        <line num="22" count="0" type="stmt"/>
        <line num="28" count="0" type="stmt"/>
        <line num="31" count="0" type="stmt"/>
        <line num="34" count="0" type="stmt"/>
        <line num="35" count="0" type="stmt"/>
        <line num="36" count="0" type="stmt"/>
        <line num="37" count="0" type="stmt"/>
        <line num="39" count="0" type="stmt"/>
        <line num="43" count="0" type="stmt"/>
        <line num="44" count="0" type="stmt"/>
        <line num="45" count="0" type="stmt"/>
        <line num="46" count="0" type="stmt"/>
        <line num="52" count="3" type="stmt"/>
        <line num="53" count="0" type="stmt"/>
        <line num="55" count="0" type="stmt"/>
        <line num="58" count="3" type="stmt"/>
        <line num="59" count="0" type="stmt"/>
        <line num="60" count="0" type="stmt"/>
        <line num="63" count="3" type="stmt"/>
        <line num="64" count="0" type="stmt"/>
        <line num="65" count="0" type="stmt"/>
        <line num="66" count="0" type="stmt"/>
        <line num="68" count="0" type="stmt"/>
      </file>
      <file name="commonStore.ts" path="/Users/deannalepke/Desktop/COMP7082/ReadingRoom/client/src/stores/commonStore.ts">
        <metrics statements="15" coveredstatements="13" conditionals="3" coveredconditionals="2" methods="6" coveredmethods="5"/>
        <line num="5" count="3" type="stmt"/>
        <line num="6" count="3" type="stmt"/>
        <line num="7" count="3" type="stmt"/>
        <line num="10" count="3" type="stmt"/>
        <line num="12" count="3" type="stmt"/>
        <line num="13" count="6" type="stmt"/>
        <line num="15" count="3" type="cond" truecount="1" falsecount="1"/>
        <line num="16" count="3" type="stmt"/>
        <line num="18" count="0" type="stmt"/>
        <line num="25" count="0" type="stmt"/>
        <line num="28" count="3" type="stmt"/>
        <line num="29" count="3" type="cond" truecount="1" falsecount="0"/>
        <line num="30" count="3" type="stmt"/>
        <line num="33" count="3" type="stmt"/>
        <line num="34" count="9" type="stmt"/>
      </file>
      <file name="profileStore.ts" path="/Users/deannalepke/Desktop/COMP7082/ReadingRoom/client/src/stores/profileStore.ts">
        <metrics statements="52" coveredstatements="11" conditionals="8" coveredconditionals="0" methods="14" coveredmethods="1"/>
        <line num="7" count="3" type="stmt"/>
        <line num="8" count="3" type="stmt"/>
        <line num="9" count="3" type="stmt"/>
        <line num="10" count="3" type="stmt"/>
        <line num="11" count="3" type="stmt"/>
        <line num="12" count="3" type="stmt"/>
        <line num="15" count="3" type="stmt"/>
        <line num="19" count="0" type="cond" truecount="0" falsecount="3"/>
        <line num="20" count="0" type="stmt"/>
        <line num="24" count="3" type="stmt"/>
        <line num="25" count="0" type="stmt"/>
        <line num="26" count="0" type="stmt"/>
        <line num="27" count="0" type="stmt"/>
        <line num="28" count="0" type="stmt"/>
        <line num="29" count="0" type="stmt"/>
        <line num="30" count="0" type="stmt"/>
        <line num="33" count="0" type="stmt"/>
        <line num="34" count="0" type="stmt"/>
        <line num="38" count="3" type="stmt"/>
        <line num="39" count="0" type="stmt"/>
        <line num="40" count="0" type="stmt"/>
        <line num="41" count="0" type="stmt"/>
        <line num="42" count="0" type="stmt"/>
        <line num="43" count="0" type="stmt"/>
        <line num="44" count="0" type="cond" truecount="0" falsecount="1"/>
        <line num="45" count="0" type="stmt"/>
        <line num="46" count="0" type="cond" truecount="0" falsecount="1"/>
        <line num="47" count="0" type="stmt"/>
        <line num="50" count="0" type="stmt"/>
        <line num="53" count="0" type="stmt"/>
        <line num="54" count="0" type="stmt"/>
        <line num="58" count="3" type="stmt"/>
        <line num="59" count="0" type="stmt"/>
        <line num="60" count="0" type="stmt"/>
        <line num="61" count="0" type="stmt"/>
        <line num="62" count="0" type="stmt"/>
        <line num="63" count="0" type="cond" truecount="0" falsecount="1"/>
        <line num="67" count="0" type="stmt"/>
        <line num="69" count="0" type="stmt"/>
        <line num="70" count="0" type="stmt"/>
        <line num="73" count="0" type="stmt"/>
        <line num="74" count="0" type="stmt"/>
        <line num="78" count="3" type="stmt"/>
        <line num="79" count="0" type="stmt"/>
        <line num="80" count="0" type="stmt"/>
        <line num="81" count="0" type="stmt"/>
        <line num="82" count="0" type="stmt"/>
        <line num="83" count="0" type="stmt"/>
        <line num="84" count="0" type="stmt"/>
        <line num="87" count="0" type="stmt"/>
        <line num="88" count="0" type="stmt"/>
        <line num="89" count="0" type="stmt"/>
      </file>
      <file name="store.ts" path="/Users/deannalepke/Desktop/COMP7082/ReadingRoom/client/src/stores/store.ts">
        <metrics statements="3" coveredstatements="3" conditionals="0" coveredconditionals="0" methods="1" coveredmethods="1"/>
        <line num="16" count="3" type="stmt"/>
        <line num="24" count="3" type="stmt"/>
        <line num="27" count="41" type="stmt"/>
      </file>
      <file name="userStore.ts" path="/Users/deannalepke/Desktop/COMP7082/ReadingRoom/client/src/stores/userStore.ts">
        <metrics statements="29" coveredstatements="18" conditionals="2" coveredconditionals="0" methods="11" coveredmethods="6"/>
        <line num="8" count="3" type="stmt"/>
        <line num="11" count="3" type="stmt"/>
        <line num="15" count="6" type="stmt"/>
        <line num="18" count="3" type="stmt"/>
        <line num="19" count="3" type="stmt"/>
        <line num="20" count="3" type="stmt"/>
        <line num="21" count="3" type="stmt"/>
        <line num="22" count="3" type="stmt"/>
        <line num="23" count="3" type="stmt"/>
        <line num="24" count="3" type="stmt"/>
        <line num="27" count="3" type="stmt"/>
        <line num="28" count="0" type="stmt"/>
        <line num="29" count="0" type="stmt"/>
        <line num="30" count="0" type="stmt"/>
        <line num="31" count="0" type="stmt"/>
        <line num="34" count="3" type="stmt"/>
        <line num="35" count="0" type="stmt"/>
        <line num="36" count="0" type="stmt"/>
        <line num="37" count="0" type="stmt"/>
        <line num="38" count="0" type="stmt"/>
        <line num="41" count="3" type="stmt"/>
        <line num="42" count="3" type="stmt"/>
        <line num="43" count="3" type="stmt"/>
        <line num="44" count="3" type="stmt"/>
        <line num="46" count="0" type="stmt"/>
        <line num="50" count="3" type="stmt"/>
        <line num="51" count="0" type="cond" truecount="0" falsecount="1"/>
        <line num="54" count="3" type="stmt"/>
        <line num="55" count="0" type="cond" truecount="0" falsecount="1"/>
      </file>
    </package>
    <package name="src.utils">
      <metrics statements="66" coveredstatements="26" conditionals="15" coveredconditionals="4" methods="25" coveredmethods="10"/>
      <file name="agent.ts" path="/Users/deannalepke/Desktop/COMP7082/ReadingRoom/client/src/utils/agent.ts">
        <metrics statements="66" coveredstatements="26" conditionals="15" coveredconditionals="4" methods="25" coveredmethods="10"/>
        <line num="10" count="3" type="stmt"/>
        <line num="11" count="16" type="stmt"/>
        <line num="12" count="16" type="stmt"/>
        <line num="16" count="3" type="stmt"/>
        <line num="18" count="3" type="stmt"/>
        <line num="20" count="16" type="stmt"/>
        <line num="21" count="16" type="stmt"/>
        <line num="22" count="16" type="cond" truecount="1" falsecount="0"/>
        <line num="23" count="10" type="stmt"/>
        <line num="27" count="10" type="stmt"/>
        <line num="29" count="6" type="stmt"/>
        <line num="32" count="0" type="stmt"/>
        <line num="33" count="0" type="cond" truecount="0" falsecount="5"/>
        <line num="35" count="0" type="cond" truecount="0" falsecount="1"/>
        <line num="39" count="0" type="stmt"/>
        <line num="41" count="0" type="cond" truecount="0" falsecount="2"/>
        <line num="42" count="0" type="stmt"/>
        <line num="43" count="0" type="stmt"/>
        <line num="44" count="0" type="cond" truecount="0" falsecount="1"/>
        <line num="45" count="0" type="stmt"/>
        <line num="48" count="0" type="stmt"/>
        <line num="50" count="0" type="stmt"/>
        <line num="52" count="0" type="stmt"/>
        <line num="54" count="0" type="stmt"/>
        <line num="55" count="0" type="stmt"/>
        <line num="57" count="0" type="stmt"/>
        <line num="58" count="0" type="stmt"/>
        <line num="60" count="0" type="stmt"/>
        <line num="61" count="0" type="stmt"/>
        <line num="63" count="0" type="stmt"/>
        <line num="64" count="0" type="stmt"/>
        <line num="65" count="0" type="stmt"/>
        <line num="67" count="0" type="stmt"/>
        <line num="71" count="16" type="stmt"/>
        <line num="73" count="3" type="stmt"/>
        <line num="74" count="16" type="stmt"/>
        <line num="75" count="16" type="cond" truecount="3" falsecount="0"/>
        <line num="76" count="16" type="stmt"/>
        <line num="79" count="3" type="stmt"/>
        <line num="80" count="3" type="stmt"/>
        <line num="82" count="3" type="stmt"/>
        <line num="83" count="0" type="stmt"/>
        <line num="84" count="0" type="stmt"/>
        <line num="87" count="3" type="stmt"/>
        <line num="89" count="10" type="stmt"/>
        <line num="92" count="0" type="stmt"/>
        <line num="94" count="0" type="stmt"/>
        <line num="96" count="0" type="stmt"/>
        <line num="97" count="0" type="stmt"/>
        <line num="98" count="0" type="stmt"/>
        <line num="100" count="0" type="stmt"/>
        <line num="101" count="0" type="stmt"/>
        <line num="102" count="0" type="stmt"/>
        <line num="106" count="0" type="stmt"/>
        <line num="109" count="3" type="stmt"/>
        <line num="110" count="3" type="stmt"/>
        <line num="111" count="3" type="stmt"/>
        <line num="113" count="0" type="stmt"/>
        <line num="116" count="3" type="stmt"/>
        <line num="117" count="0" type="stmt"/>
        <line num="119" count="0" type="stmt"/>
        <line num="120" count="0" type="stmt"/>
        <line num="121" count="0" type="stmt"/>
        <line num="126" count="0" type="stmt"/>
        <line num="128" count="0" type="stmt"/>
        <line num="131" count="3" type="stmt"/>
      </file>
    </package>
  </project>
</coverage>
