TN:
SF:src/App.tsx
FN:11,App
FN:15,(anonymous_1)
FN:17,(anonymous_2)
FNF:3
FNH:3
FNDA:9,App
FNDA:9,(anonymous_1)
FNDA:3,(anonymous_2)
DA:11,3
DA:12,9
DA:13,9
DA:15,9
DA:16,9
DA:17,3
DA:19,6
DA:26,6
LF:8
LH:8
BRDA:16,0,0,3
BRDA:16,0,1,6
BRDA:26,1,0,0
BRDA:26,2,0,6
BRDA:26,2,1,3
BRDA:35,3,0,3
BRF:6
BRH:5
end_of_record
TN:
SF:src/components/BookClubChat.tsx
FN:15,BookClubChat
FN:18,(anonymous_1)
FN:22,(anonymous_2)
FN:57,(anonymous_4)
FN:58,(anonymous_5)
FN:74,(anonymous_8)
FNF:6
FNH:0
FNDA:0,BookClubChat
FNDA:0,(anonymous_1)
FNDA:0,(anonymous_2)
FNDA:0,(anonymous_4)
FNDA:0,(anonymous_5)
FNDA:0,(anonymous_8)
DA:16,0
DA:18,0
DA:19,0
DA:20,0
DA:22,0
DA:23,0
DA:58,0
DA:75,0
DA:76,0
DA:78,0
DA:79,0
DA:80,0
LF:12
LH:0
BRDA:19,0,0,0
BRDA:41,1,0,0
BRDA:41,1,1,0
BRDA:75,2,0,0
BRDA:75,3,0,0
BRDA:75,3,1,0
BRDA:78,4,0,0
BRDA:78,5,0,0
BRDA:78,5,1,0
BRDA:80,6,0,0
BRDA:80,6,1,0
BRF:11
BRH:0
end_of_record
TN:
SF:src/components/BookClubList.tsx
FN:20,BookClubList
FNF:1
FNH:1
FNDA:13,BookClubList
DA:20,3
LF:1
LH:1
BRDA:31,0,0,0
BRDA:31,0,1,36
BRDA:45,1,0,1
BRDA:45,1,1,35
BRDA:61,2,0,36
BRDA:74,3,0,36
BRDA:74,3,1,29
BRF:7
BRH:6
end_of_record
TN:
SF:src/components/BookClubMemberList.tsx
FN:10,BookClubMemberList
FNF:1
FNH:0
FNDA:0,BookClubMemberList
DA:13,0
LF:1
LH:0
BRDA:13,0,0,0
BRDA:27,1,0,0
BRDA:27,1,1,0
BRDA:36,2,0,0
BRDA:36,2,1,0
BRF:5
BRH:0
end_of_record
TN:
SF:src/components/EditProfileForm.tsx
FN:11,ProfileEditForm
FN:18,(anonymous_1)
FN:19,(anonymous_2)
FNF:3
FNH:0
FNDA:0,ProfileEditForm
FNDA:0,(anonymous_1)
FNDA:0,(anonymous_2)
DA:14,0
DA:19,0
DA:20,0
LF:3
LH:0
BRDA:48,0,0,0
BRDA:48,0,1,0
BRF:2
BRH:0
end_of_record
TN:
SF:src/components/LoadingComponent.tsx
FN:8,LoadingComponent
FNF:1
FNH:1
FNDA:10,LoadingComponent
DA:8,3
LF:1
LH:1
BRDA:9,0,0,10
BRDA:10,1,0,7
BRF:2
BRH:2
end_of_record
TN:
SF:src/components/LoginForm.tsx
FN:7,LoginForm
FN:16,(anonymous_1)
FN:19,(anonymous_2)
FNF:3
FNH:2
FNDA:3,LoginForm
FNDA:3,(anonymous_1)
FNDA:0,(anonymous_2)
DA:8,3
DA:17,3
DA:19,0
LF:3
LH:2
BRF:0
BRH:0
end_of_record
TN:
SF:src/components/NavBar.tsx
FN:6,NavBar
FNF:1
FNH:1
FNDA:6,NavBar
DA:9,6
LF:1
LH:1
BRDA:37,0,0,6
BRDA:37,0,1,6
BRF:2
BRH:2
end_of_record
TN:
SF:src/components/PhotoWidgetDropzone.tsx
FN:10,PhotoWidgetDropzone
FN:31,(anonymous_1)
FN:33,(anonymous_2)
FNF:3
FNH:0
FNDA:0,PhotoWidgetDropzone
FNDA:0,(anonymous_1)
FNDA:0,(anonymous_2)
DA:10,3
DA:11,0
DA:26,0
DA:30,0
DA:32,0
DA:34,0
DA:42,0
LF:7
LH:1
BRDA:52,0,0,0
BRDA:52,0,1,0
BRF:2
BRH:0
end_of_record
TN:
SF:src/components/ProfileBookClubs.tsx
FN:12,ProfileBookClubs
FN:16,(anonymous_1)
FNF:2
FNH:0
FNDA:0,ProfileBookClubs
FNDA:0,(anonymous_1)
DA:13,0
DA:14,0
DA:16,0
DA:17,0
LF:4
LH:0
BRDA:17,0,0,0
BRDA:74,1,0,0
BRDA:74,1,1,0
BRF:3
BRH:0
end_of_record
TN:
SF:src/components/RegisterForm.tsx
FN:9,RegisterForm
FN:20,(anonymous_1)
FN:21,(anonymous_2)
FNF:3
FNH:0
FNDA:0,RegisterForm
FNDA:0,(anonymous_1)
FNDA:0,(anonymous_2)
DA:10,0
DA:21,0
LF:2
LH:0
BRDA:64,0,0,0
BRDA:64,0,1,0
BRDA:64,0,2,0
BRF:3
BRH:0
end_of_record
TN:
SF:src/components/errors/ServerError.tsx
FN:5,ServerError
FNF:1
FNH:0
FNDA:0,ServerError
DA:6,0
LF:1
LH:0
BRDA:11,0,0,0
BRF:1
BRH:0
end_of_record
TN:
SF:src/components/errors/TestErrors.tsx
FN:9,TestErrors
FN:13,handleNotFound
FN:16,(anonymous_2)
FN:19,handleBadRequest
FN:22,(anonymous_4)
FN:25,handleServerError
FN:28,(anonymous_6)
FN:31,handleUnauthorised
FN:34,(anonymous_8)
FN:37,handleBadGuid
FN:40,(anonymous_10)
FN:43,handleValidationError
FN:44,(anonymous_12)
FNF:13
FNH:0
FNDA:0,TestErrors
FNDA:0,handleNotFound
FNDA:0,(anonymous_2)
FNDA:0,handleBadRequest
FNDA:0,(anonymous_4)
FNDA:0,handleServerError
FNDA:0,(anonymous_6)
FNDA:0,handleUnauthorised
FNDA:0,(anonymous_8)
FNDA:0,handleBadGuid
FNDA:0,(anonymous_10)
FNDA:0,handleValidationError
FNDA:0,(anonymous_12)
DA:9,6
DA:10,0
DA:11,0
DA:14,0
DA:16,0
DA:20,0
DA:22,0
DA:26,0
DA:28,0
DA:32,0
DA:34,0
DA:38,0
DA:40,0
DA:44,0
LF:14
LH:1
BRDA:80,0,0,0
BRF:1
BRH:0
end_of_record
TN:
SF:src/components/errors/ValidationError.tsx
FN:7,ValidationError
FNF:1
FNH:0
FNDA:0,ValidationError
DA:7,3
LF:1
LH:1
BRDA:10,0,0,0
BRF:1
BRH:0
end_of_record
TN:
SF:src/components/form/CustomDateInput.tsx
FN:5,CustomDateInput
FN:13,(anonymous_1)
FNF:2
FNH:0
FNDA:0,CustomDateInput
FNDA:0,(anonymous_1)
DA:5,3
DA:6,0
DA:13,0
LF:3
LH:1
BRDA:8,0,0,0
BRDA:8,0,1,0
BRDA:12,1,0,0
BRDA:12,1,1,0
BRDA:12,1,2,0
BRDA:15,2,0,0
BRDA:15,2,1,0
BRDA:15,3,0,0
BRDA:15,3,1,0
BRF:9
BRH:0
end_of_record
TN:
SF:src/components/form/CustomSelectInput.tsx
FN:12,CustomSelectInput
FN:21,(anonymous_1)
FN:22,(anonymous_2)
FNF:3
FNH:0
FNDA:0,CustomSelectInput
FNDA:0,(anonymous_1)
FNDA:0,(anonymous_2)
DA:12,3
DA:13,0
DA:21,0
DA:22,0
LF:4
LH:1
BRDA:15,0,0,0
BRDA:15,0,1,0
BRDA:20,1,0,0
BRDA:20,1,1,0
BRDA:26,2,0,0
BRDA:26,2,1,0
BRDA:26,3,0,0
BRDA:26,3,1,0
BRF:8
BRH:0
end_of_record
TN:
SF:src/components/form/CustomTextArea.tsx
FN:13,CustomTextArea
FNF:1
FNH:0
FNDA:0,CustomTextArea
DA:13,3
DA:14,0
LF:2
LH:1
BRDA:16,0,0,0
BRDA:16,0,1,0
BRDA:19,1,0,0
BRDA:19,1,1,0
BRDA:19,2,0,0
BRDA:19,2,1,0
BRF:6
BRH:0
end_of_record
TN:
SF:src/components/form/CustomTextInput.tsx
FN:14,CustomTextInput
FNF:1
FNH:1
FNDA:306,CustomTextInput
DA:14,3
DA:15,306
LF:2
LH:2
BRDA:17,0,0,306
BRDA:17,0,1,86
BRDA:20,1,0,0
BRDA:20,1,1,306
BRDA:20,2,0,306
BRDA:20,2,1,86
BRF:6
BRH:5
end_of_record
TN:
SF:src/models/bookclub.ts
FN:22,(anonymous_1)
FN:64,(anonymous_2)
FNF:2
FNH:0
FNDA:0,(anonymous_1)
FNDA:0,(anonymous_2)
DA:23,0
DA:24,0
DA:25,0
DA:26,0
DA:27,0
DA:28,0
DA:29,0
DA:30,0
DA:31,0
DA:32,0
DA:35,0
DA:36,0
DA:37,0
DA:38,0
DA:39,0
DA:40,0
DA:41,0
DA:42,0
DA:43,0
DA:44,0
DA:45,0
DA:46,0
DA:47,0
DA:48,0
DA:49,0
DA:53,0
DA:54,0
DA:55,0
DA:56,0
DA:57,0
DA:58,0
DA:59,0
DA:60,0
DA:61,0
DA:62,0
DA:65,0
DA:66,0
DA:67,0
DA:68,0
DA:69,0
DA:70,0
DA:71,0
DA:72,0
DA:73,0
DA:74,0
DA:75,0
LF:46
LH:0
BRDA:65,0,0,0
BRF:1
BRH:0
end_of_record
TN:
SF:src/models/pagination.ts
FN:12,(anonymous_1)
FN:22,(anonymous_2)
FNF:2
FNH:2
FNDA:10,(anonymous_1)
FNDA:10,(anonymous_2)
DA:9,10
DA:10,10
DA:13,10
DA:14,10
DA:19,10
DA:20,10
DA:23,10
DA:24,10
LF:8
LH:8
BRDA:22,0,0,10
BRDA:22,1,0,10
BRF:2
BRH:2
end_of_record
TN:
SF:src/models/profile.ts
FN:11,(anonymous_1)
FNF:1
FNH:0
FNDA:0,(anonymous_1)
DA:12,0
DA:13,0
DA:14,0
DA:17,0
DA:18,0
DA:19,0
DA:20,0
LF:7
LH:0
BRF:0
BRH:0
end_of_record
TN:
SF:src/options/CategoryOptions.ts
FNF:0
FNH:0
DA:1,3
LF:1
LH:1
BRF:0
BRH:0
end_of_record
TN:
SF:src/options/ReadingPaceOptions.ts
FNF:0
FNH:0
DA:1,3
LF:1
LH:1
BRF:0
BRH:0
end_of_record
TN:
SF:src/pages/BookClubDetails.tsx
FN:22,BookClubDetails
FN:36,(anonymous_1)
FN:38,(anonymous_2)
FN:41,handleDelete
FNF:4
FNH:0
FNDA:0,BookClubDetails
FNDA:0,(anonymous_1)
FNDA:0,(anonymous_2)
FNDA:0,handleDelete
DA:23,0
DA:24,0
DA:33,0
DA:34,0
DA:36,0
DA:37,0
DA:38,0
DA:42,0
DA:43,0
DA:44,0
LF:10
LH:0
BRDA:37,0,0,0
BRDA:42,1,0,0
BRDA:48,2,0,0
BRDA:48,2,1,0
BRDA:60,3,0,0
BRDA:60,3,1,0
BRDA:92,4,0,0
BRDA:92,4,1,0
BRDA:111,5,0,0
BRDA:111,5,1,0
BRDA:111,6,0,0
BRDA:111,6,1,0
BRDA:123,7,0,0
BRDA:123,7,1,0
BRDA:123,8,0,0
BRDA:123,8,1,0
BRF:16
BRH:0
end_of_record
TN:
SF:src/pages/BookClubForm.tsx
FN:28,CreateBookClub
FN:54,(anonymous_1)
FN:74,(anonymous_2)
FN:84,(anonymous_3)
FN:113,(anonymous_4)
FN:116,(anonymous_5)
FN:138,(anonymous_6)
FN:142,(anonymous_7)
FN:149,handleFormSubmit
FN:153,(anonymous_9)
FN:155,(anonymous_10)
FN:159,handleCancel
FN:182,(anonymous_12)
FNF:13
FNH:0
FNDA:0,CreateBookClub
FNDA:0,(anonymous_1)
FNDA:0,(anonymous_2)
FNDA:0,(anonymous_3)
FNDA:0,(anonymous_4)
FNDA:0,(anonymous_5)
FNDA:0,(anonymous_6)
FNDA:0,(anonymous_7)
FNDA:0,handleFormSubmit
FNDA:0,(anonymous_9)
FNDA:0,(anonymous_10)
FNDA:0,handleCancel
FNDA:0,(anonymous_12)
DA:29,0
DA:41,0
DA:42,0
DA:43,0
DA:45,0
DA:48,0
DA:49,0
DA:50,0
DA:52,0
DA:54,0
DA:55,0
DA:58,0
DA:59,0
DA:61,0
DA:62,0
DA:63,0
DA:64,0
DA:65,0
DA:66,0
DA:67,0
DA:69,0
DA:74,0
DA:75,0
DA:76,0
DA:77,0
DA:78,0
DA:79,0
DA:80,0
DA:84,0
DA:85,0
DA:86,0
DA:87,0
DA:88,0
DA:90,0
DA:91,0
DA:94,0
DA:95,0
DA:97,0
DA:100,0
DA:101,0
DA:103,0
DA:104,0
DA:105,0
DA:106,0
DA:110,0
DA:114,0
DA:115,0
DA:116,0
DA:119,0
DA:120,0
DA:124,0
DA:138,0
DA:139,0
DA:140,0
DA:141,0
DA:142,0
DA:143,0
DA:144,0
DA:150,0
DA:151,0
DA:152,0
DA:153,0
DA:155,0
DA:160,0
DA:182,0
LF:65
LH:0
BRDA:58,0,0,0
BRDA:61,1,0,0
BRDA:61,2,0,0
BRDA:61,2,1,0
BRDA:66,3,0,0
BRDA:76,4,0,0
BRDA:79,5,0,0
BRDA:86,6,0,0
BRDA:88,7,0,0
BRDA:94,8,0,0
BRDA:100,9,0,0
BRDA:105,10,0,0
BRDA:114,11,0,0
BRDA:119,12,0,0
BRDA:119,12,1,0
BRDA:120,13,0,0
BRDA:120,13,1,0
BRDA:120,14,0,0
BRDA:120,14,1,0
BRDA:124,15,0,0
BRDA:124,15,1,0
BRDA:141,16,0,0
BRDA:150,17,0,0
BRDA:151,18,0,0
BRDA:151,18,1,0
BRDA:169,19,0,0
BRDA:237,20,0,0
BRDA:237,20,1,0
BRDA:255,21,0,0
BRDA:255,21,1,0
BRDA:397,22,0,0
BRDA:400,23,0,0
BRDA:400,23,1,0
BRDA:400,23,2,0
BRDA:400,23,3,0
BRDA:404,24,0,0
BRDA:404,24,1,0
BRDA:423,25,0,0
BRDA:423,25,1,0
BRDA:423,25,2,0
BRF:40
BRH:0
end_of_record
TN:
SF:src/pages/BookClubs.tsx
FN:17,BookClubs
FN:29,handlePageChange
FN:35,handleReset
FN:39,handleCategoryChange
FN:47,handleReadingPaceChange
FN:55,(anonymous_5)
FNF:6
FNH:4
FNDA:20,BookClubs
FNDA:0,handlePageChange
FNDA:0,handleReset
FNDA:2,handleCategoryChange
FNDA:2,handleReadingPaceChange
FNDA:3,(anonymous_5)
DA:17,3
DA:18,20
DA:26,20
DA:27,20
DA:30,0
DA:31,0
DA:32,0
DA:36,0
DA:43,2
DA:44,2
DA:51,2
DA:52,2
DA:55,20
DA:56,3
DA:57,3
LF:15
LH:11
BRDA:69,0,0,13
BRDA:69,0,1,10
BRDA:79,1,0,13
BRDA:79,1,1,11
BRDA:97,2,0,13
BRF:5
BRH:5
end_of_record
TN:
SF:src/pages/HomePage.tsx
FN:16,HomePage
FN:21,handleClick
FN:22,(anonymous_2)
FNF:3
FNH:1
FNDA:3,HomePage
FNDA:0,handleClick
FNDA:0,(anonymous_2)
DA:16,3
DA:17,3
DA:18,3
DA:19,3
DA:22,0
DA:23,0
LF:6
LH:4
BRDA:29,0,0,0
BRDA:73,1,0,3
BRF:2
BRH:1
end_of_record
TN:
SF:src/pages/NotFound.tsx
FN:4,NotFound
FNF:1
FNH:0
FNDA:0,NotFound
DA:4,3
LF:1
LH:1
BRF:0
BRH:0
end_of_record
TN:
SF:src/pages/ProfilePage.tsx
FN:11,ProfilePage
FN:26,myCustomButton
FN:51,handleEdit
FN:55,handlePhotoUpload
FN:59,showConfirm
FN:63,handleConfirm
FN:66,(anonymous_6)
FN:74,handleCancel
FN:76,(anonymous_8)
FN:82,(anonymous_9)
FN:86,(anonymous_10)
FN:87,(anonymous_11)
FN:88,(anonymous_12)
FNF:13
FNH:0
FNDA:0,ProfilePage
FNDA:0,myCustomButton
FNDA:0,handleEdit
FNDA:0,handlePhotoUpload
FNDA:0,showConfirm
FNDA:0,handleConfirm
FNDA:0,(anonymous_6)
FNDA:0,handleCancel
FNDA:0,(anonymous_8)
FNDA:0,(anonymous_9)
FNDA:0,(anonymous_10)
FNDA:0,(anonymous_11)
FNDA:0,(anonymous_12)
DA:12,0
DA:13,0
DA:14,0
DA:15,0
DA:16,0
DA:24,0
DA:52,0
DA:56,0
DA:60,0
DA:64,0
DA:65,0
DA:66,0
DA:67,0
DA:69,0
DA:71,0
DA:75,0
DA:76,0
DA:78,0
DA:79,0
DA:82,0
DA:83,0
DA:86,0
DA:87,0
DA:88,0
LF:24
LH:0
BRDA:64,0,0,0
BRDA:64,0,1,0
BRDA:75,1,0,0
BRDA:83,2,0,0
BRDA:110,3,0,0
BRDA:110,3,1,0
BRDA:112,4,0,0
BRDA:137,5,0,0
BRDA:136,6,0,0
BRDA:136,6,1,0
BRDA:162,7,0,0
BRDA:171,8,0,0
BRDA:171,8,1,0
BRDA:181,9,0,0
BRDA:181,9,1,0
BRF:15
BRH:0
end_of_record
TN:
SF:src/router/Routes.tsx
FNF:0
FNH:0
DA:11,3
DA:29,3
LF:2
LH:2
BRF:0
BRH:0
end_of_record
TN:
SF:src/stores/bookClubStore.ts
FN:69,(anonymous_1)
FN:73,(anonymous_2)
FN:79,(anonymous_3)
FN:22,(anonymous_4)
FN:35,(anonymous_5)
FN:39,(anonymous_6)
FN:40,(anonymous_7)
FN:41,(anonymous_8)
FN:83,(anonymous_9)
FN:89,(anonymous_10)
FN:101,(anonymous_11)
FN:111,(anonymous_12)
FN:112,(anonymous_13)
FN:120,(anonymous_14)
FN:124,(anonymous_15)
FN:128,(anonymous_16)
FN:132,(anonymous_17)
FN:137,(anonymous_18)
FN:141,(anonymous_19)
FN:151,(anonymous_20)
FN:163,(anonymous_21)
FN:167,(anonymous_22)
FN:171,(anonymous_23)
FN:178,(anonymous_24)
FN:182,(anonymous_25)
FN:186,(anonymous_26)
FN:196,(anonymous_27)
FN:204,(anonymous_28)
FN:207,(anonymous_29)
FN:222,(anonymous_30)
FN:232,(anonymous_31)
FN:238,(anonymous_32)
FN:244,(anonymous_33)
FN:249,(anonymous_34)
FN:252,(anonymous_35)
FN:268,(anonymous_36)
FN:272,(anonymous_37)
FN:276,(anonymous_38)
FN:280,(anonymous_39)
FN:284,(anonymous_40)
FN:288,(anonymous_41)
FN:294,(anonymous_42)
FN:298,(anonymous_43)
FN:303,(anonymous_44)
FN:26,(anonymous_45)
FN:27,(anonymous_46)
FNF:46
FNH:16
FNDA:10,(anonymous_1)
FNDA:15,(anonymous_2)
FNDA:24,(anonymous_3)
FNDA:3,(anonymous_4)
FNDA:0,(anonymous_5)
FNDA:7,(anonymous_6)
FNDA:3,(anonymous_7)
FNDA:3,(anonymous_8)
FNDA:10,(anonymous_9)
FNDA:36,(anonymous_10)
FNDA:0,(anonymous_11)
FNDA:0,(anonymous_12)
FNDA:0,(anonymous_13)
FNDA:10,(anonymous_14)
FNDA:0,(anonymous_15)
FNDA:0,(anonymous_16)
FNDA:0,(anonymous_17)
FNDA:0,(anonymous_18)
FNDA:0,(anonymous_19)
FNDA:0,(anonymous_20)
FNDA:36,(anonymous_21)
FNDA:90,(anonymous_22)
FNDA:58,(anonymous_23)
FNDA:0,(anonymous_24)
FNDA:20,(anonymous_25)
FNDA:0,(anonymous_26)
FNDA:0,(anonymous_27)
FNDA:0,(anonymous_28)
FNDA:0,(anonymous_29)
FNDA:0,(anonymous_30)
FNDA:0,(anonymous_31)
FNDA:0,(anonymous_32)
FNDA:0,(anonymous_33)
FNDA:0,(anonymous_34)
FNDA:0,(anonymous_35)
FNDA:0,(anonymous_36)
FNDA:0,(anonymous_37)
FNDA:0,(anonymous_38)
FNDA:0,(anonymous_39)
FNDA:0,(anonymous_40)
FNDA:0,(anonymous_41)
FNDA:0,(anonymous_42)
FNDA:0,(anonymous_43)
FNDA:0,(anonymous_44)
FNDA:10,(anonymous_45)
FNDA:7,(anonymous_46)
DA:10,3
DA:11,3
DA:12,3
DA:13,3
DA:14,3
DA:15,3
DA:16,3
DA:17,3
DA:18,3
DA:19,3
DA:20,3
DA:23,3
DA:25,3
DA:26,10
DA:28,7
DA:29,7
DA:30,7
DA:35,3
DA:36,0
DA:39,3
DA:40,7
DA:41,3
DA:42,3
DA:45,7
DA:47,3
DA:48,3
DA:49,3
DA:51,0
DA:52,0
DA:53,0
DA:55,0
DA:56,0
DA:57,0
DA:59,2
DA:60,2
DA:61,2
DA:63,2
DA:64,2
DA:65,2
DA:70,10
DA:71,10
DA:72,10
DA:73,10
DA:74,15
DA:76,10
DA:80,24
DA:83,3
DA:84,10
DA:85,10
DA:86,10
DA:87,10
DA:88,10
DA:89,10
DA:90,36
DA:93,10
DA:94,10
DA:96,0
DA:97,0
DA:101,3
DA:102,0
DA:103,0
DA:104,0
DA:105,0
DA:106,0
DA:107,0
DA:108,0
DA:109,0
DA:110,0
DA:111,0
DA:112,0
DA:116,0
DA:120,3
DA:121,10
DA:124,3
DA:125,0
DA:128,3
DA:129,0
DA:132,3
DA:133,0
DA:134,0
DA:137,3
DA:138,0
DA:141,3
DA:142,0
DA:143,0
DA:144,0
DA:145,0
DA:147,0
DA:148,0
DA:149,0
DA:150,0
DA:151,0
DA:152,0
DA:154,0
DA:155,0
DA:157,0
DA:158,0
DA:163,3
DA:164,36
DA:165,36
DA:166,36
DA:167,90
DA:169,36
DA:170,36
DA:171,58
DA:174,36
DA:175,36
DA:178,3
DA:179,0
DA:182,3
DA:183,20
DA:186,3
DA:187,0
DA:188,0
DA:189,0
DA:190,0
DA:191,0
DA:192,0
DA:193,0
DA:194,0
DA:195,0
DA:196,0
DA:197,0
DA:200,0
DA:204,3
DA:205,0
DA:206,0
DA:207,0
DA:208,0
DA:209,0
DA:213,0
DA:214,0
DA:218,0
DA:222,3
DA:223,0
DA:224,0
DA:225,0
DA:226,0
DA:227,0
DA:228,0
DA:229,0
DA:231,0
DA:232,0
DA:233,0
DA:234,0
DA:237,0
DA:238,0
DA:239,0
DA:244,3
DA:245,0
DA:246,0
DA:247,0
DA:248,0
DA:249,0
DA:250,0
DA:251,0
DA:252,0
DA:254,0
DA:256,0
DA:257,0
DA:258,0
DA:260,0
DA:266,0
DA:268,0
DA:272,3
DA:273,0
DA:276,3
DA:277,0
DA:278,0
DA:279,0
DA:280,0
DA:281,0
DA:283,0
DA:284,0
DA:288,3
DA:289,0
DA:290,0
DA:291,0
DA:294,3
DA:295,0
DA:296,0
DA:297,0
DA:298,0
DA:299,0
DA:302,0
DA:303,0
DA:304,0
LF:187
LH:78
BRDA:45,0,0,3
BRDA:45,0,1,0
BRDA:45,0,2,0
BRDA:45,0,3,2
BRDA:45,0,4,2
BRDA:88,1,0,10
BRDA:88,2,0,10
BRDA:88,2,1,10
BRDA:110,3,0,0
BRDA:133,4,0,0
BRDA:133,4,1,0
BRDA:143,5,0,0
BRDA:143,5,1,0
BRDA:165,6,0,36
BRDA:208,7,0,0
BRDA:227,8,0,0
BRDA:229,9,0,0
BRDA:250,10,0,0
BRDA:250,10,1,0
BRDA:291,11,0,0
BRDA:291,11,1,0
BRF:21
BRH:7
end_of_record
TN:
SF:src/stores/commentStore.ts
FN:14,(anonymous_1)
FN:18,(anonymous_2)
FN:22,(anonymous_3)
FN:30,(anonymous_4)
FN:34,(anonymous_5)
FN:35,(anonymous_6)
FN:36,(anonymous_7)
FN:43,(anonymous_8)
FN:44,(anonymous_9)
FN:52,(anonymous_10)
FN:55,(anonymous_11)
FN:58,(anonymous_12)
FN:63,(anonymous_13)
FNF:13
FNH:1
FNDA:3,(anonymous_1)
FNDA:0,(anonymous_2)
FNDA:0,(anonymous_3)
FNDA:0,(anonymous_4)
FNDA:0,(anonymous_5)
FNDA:0,(anonymous_6)
FNDA:0,(anonymous_7)
FNDA:0,(anonymous_8)
FNDA:0,(anonymous_9)
FNDA:0,(anonymous_10)
FNDA:0,(anonymous_11)
FNDA:0,(anonymous_12)
FNDA:0,(anonymous_13)
DA:11,3
DA:12,3
DA:15,3
DA:18,3
DA:19,0
DA:20,0
DA:22,0
DA:28,0
DA:31,0
DA:34,0
DA:35,0
DA:36,0
DA:37,0
DA:39,0
DA:43,0
DA:44,0
DA:45,0
DA:46,0
DA:52,3
DA:53,0
DA:55,0
DA:58,3
DA:59,0
DA:60,0
DA:63,3
DA:64,0
DA:65,0
DA:66,0
DA:68,0
LF:29
LH:7
BRDA:19,0,0,0
BRF:1
BRH:0
end_of_record
TN:
SF:src/stores/commonStore.ts
FN:24,(anonymous_1)
FN:9,(anonymous_2)
FN:28,(anonymous_3)
FN:33,(anonymous_4)
FN:13,(anonymous_5)
FN:14,(anonymous_6)
FNF:6
FNH:5
FNDA:0,(anonymous_1)
FNDA:3,(anonymous_2)
FNDA:3,(anonymous_3)
FNDA:9,(anonymous_4)
FNDA:6,(anonymous_5)
FNDA:3,(anonymous_6)
DA:5,3
DA:6,3
DA:7,3
DA:10,3
DA:12,3
DA:13,6
DA:15,3
DA:16,3
DA:18,0
DA:25,0
DA:28,3
DA:29,3
DA:30,3
DA:33,3
DA:34,9
LF:15
LH:13
BRDA:29,0,0,3
BRDA:15,1,0,3
BRDA:15,1,1,0
BRF:3
BRH:2
end_of_record
TN:
SF:src/stores/profileStore.ts
FN:18,(anonymous_1)
FN:14,(anonymous_2)
FN:24,(anonymous_3)
FN:28,(anonymous_4)
FN:34,(anonymous_5)
FN:38,(anonymous_6)
FN:43,(anonymous_7)
FN:54,(anonymous_8)
FN:58,(anonymous_9)
FN:62,(anonymous_10)
FN:74,(anonymous_11)
FN:78,(anonymous_12)
FN:82,(anonymous_13)
FN:88,(anonymous_14)
FNF:14
FNH:1
FNDA:0,(anonymous_1)
FNDA:3,(anonymous_2)
FNDA:0,(anonymous_3)
FNDA:0,(anonymous_4)
FNDA:0,(anonymous_5)
FNDA:0,(anonymous_6)
FNDA:0,(anonymous_7)
FNDA:0,(anonymous_8)
FNDA:0,(anonymous_9)
FNDA:0,(anonymous_10)
FNDA:0,(anonymous_11)
FNDA:0,(anonymous_12)
FNDA:0,(anonymous_13)
FNDA:0,(anonymous_14)
DA:7,3
DA:8,3
DA:9,3
DA:10,3
DA:11,3
DA:12,3
DA:15,3
DA:19,0
DA:20,0
DA:24,3
DA:25,0
DA:26,0
DA:27,0
DA:28,0
DA:29,0
DA:30,0
DA:33,0
DA:34,0
DA:38,3
DA:39,0
DA:40,0
DA:41,0
DA:42,0
DA:43,0
DA:44,0
DA:45,0
DA:46,0
DA:47,0
DA:50,0
DA:53,0
DA:54,0
DA:58,3
DA:59,0
DA:60,0
DA:61,0
DA:62,0
DA:63,0
DA:67,0
DA:69,0
DA:70,0
DA:73,0
DA:74,0
DA:78,3
DA:79,0
DA:80,0
DA:81,0
DA:82,0
DA:83,0
DA:84,0
DA:87,0
DA:88,0
DA:89,0
LF:52
LH:11
BRDA:19,0,0,0
BRDA:19,1,0,0
BRDA:19,1,1,0
BRDA:44,2,0,0
BRDA:46,3,0,0
BRDA:63,4,0,0
BRDA:64,5,0,0
BRDA:64,5,1,0
BRF:8
BRH:0
end_of_record
TN:
SF:src/stores/store.ts
FN:26,useStore
FNF:1
FNH:1
FNDA:41,useStore
DA:16,3
DA:24,3
DA:27,41
LF:3
LH:3
BRF:0
BRH:0
end_of_record
TN:
SF:src/stores/userStore.ts
FN:14,(anonymous_1)
FN:10,(anonymous_2)
FN:18,(anonymous_3)
FN:21,(anonymous_4)
FN:27,(anonymous_5)
FN:30,(anonymous_6)
FN:34,(anonymous_7)
FN:41,(anonymous_8)
FN:44,(anonymous_9)
FN:50,(anonymous_10)
FN:54,(anonymous_11)
FNF:11
FNH:6
FNDA:6,(anonymous_1)
FNDA:3,(anonymous_2)
FNDA:3,(anonymous_3)
FNDA:3,(anonymous_4)
FNDA:0,(anonymous_5)
FNDA:0,(anonymous_6)
FNDA:0,(anonymous_7)
FNDA:3,(anonymous_8)
FNDA:3,(anonymous_9)
FNDA:0,(anonymous_10)
FNDA:0,(anonymous_11)
DA:8,3
DA:11,3
DA:15,6
DA:18,3
DA:19,3
DA:20,3
DA:21,3
DA:22,3
DA:23,3
DA:24,3
DA:27,3
DA:28,0
DA:29,0
DA:30,0
DA:31,0
DA:34,3
DA:35,0
DA:36,0
DA:37,0
DA:38,0
DA:41,3
DA:42,3
DA:43,3
DA:44,3
DA:46,0
DA:50,3
DA:51,0
DA:54,3
DA:55,0
LF:29
LH:18
BRDA:51,0,0,0
BRDA:55,1,0,0
BRF:2
BRH:0
end_of_record
TN:
SF:src/utils/agent.ts
FN:10,(anonymous_0)
FN:11,(anonymous_1)
FN:19,(anonymous_2)
FN:31,(anonymous_3)
FN:71,(anonymous_4)
FN:73,(anonymous_5)
FN:80,(anonymous_6)
FN:81,(anonymous_7)
FN:83,(anonymous_8)
FN:84,(anonymous_9)
FN:88,(anonymous_10)
FN:92,(anonymous_11)
FN:93,(anonymous_12)
FN:95,(anonymous_13)
FN:97,(anonymous_14)
FN:98,(anonymous_15)
FN:99,(anonymous_16)
FN:106,(anonymous_17)
FN:110,(anonymous_18)
FN:111,(anonymous_19)
FN:112,(anonymous_20)
FN:117,(anonymous_21)
FN:118,(anonymous_22)
FN:125,(anonymous_23)
FN:127,(anonymous_24)
FNF:25
FNH:10
FNDA:16,(anonymous_0)
FNDA:16,(anonymous_1)
FNDA:16,(anonymous_2)
FNDA:0,(anonymous_3)
FNDA:16,(anonymous_4)
FNDA:16,(anonymous_5)
FNDA:3,(anonymous_6)
FNDA:3,(anonymous_7)
FNDA:0,(anonymous_8)
FNDA:0,(anonymous_9)
FNDA:10,(anonymous_10)
FNDA:0,(anonymous_11)
FNDA:0,(anonymous_12)
FNDA:0,(anonymous_13)
FNDA:0,(anonymous_14)
FNDA:0,(anonymous_15)
FNDA:0,(anonymous_16)
FNDA:0,(anonymous_17)
FNDA:3,(anonymous_18)
FNDA:3,(anonymous_19)
FNDA:0,(anonymous_20)
FNDA:0,(anonymous_21)
FNDA:0,(anonymous_22)
FNDA:0,(anonymous_23)
FNDA:0,(anonymous_24)
DA:10,3
DA:11,16
DA:12,16
DA:16,3
DA:18,3
DA:20,16
DA:21,16
DA:22,16
DA:23,10
DA:27,10
DA:29,6
DA:32,0
DA:33,0
DA:35,0
DA:39,0
DA:41,0
DA:42,0
DA:43,0
DA:44,0
DA:45,0
DA:48,0
DA:50,0
DA:52,0
DA:54,0
DA:55,0
DA:57,0
DA:58,0
DA:60,0
DA:61,0
DA:63,0
DA:64,0
DA:65,0
DA:67,0
DA:71,16
DA:73,3
DA:74,16
DA:75,16
DA:76,16
DA:79,3
DA:80,3
DA:82,3
DA:83,0
DA:84,0
DA:87,3
DA:89,10
DA:92,0
DA:94,0
DA:96,0
DA:97,0
DA:98,0
DA:100,0
DA:101,0
DA:102,0
DA:106,0
DA:109,3
DA:110,3
DA:111,3
DA:113,0
DA:116,3
DA:117,0
DA:119,0
DA:120,0
DA:121,0
DA:126,0
DA:128,0
DA:131,3
LF:66
LH:26
BRDA:22,0,0,10
BRDA:33,1,0,0
BRDA:33,1,1,0
BRDA:33,1,2,0
BRDA:33,1,3,0
BRDA:33,1,4,0
BRDA:35,2,0,0
BRDA:36,3,0,0
BRDA:36,3,1,0
BRDA:41,4,0,0
BRDA:41,4,1,0
BRDA:44,5,0,0
BRDA:75,6,0,13
BRDA:75,7,0,16
BRDA:75,7,1,13
BRF:15
BRH:4
end_of_record
